Building DAG of jobs...
Using shell: /usr/local/bin/bash
Provided cluster nodes: 800
Job stats:
job                      count    min threads    max threads
---------------------  -------  -------------  -------------
all                          1              1              1
make_wac                     3              1              1
pt1_RFD_window_sorter        3              1              1
pt2_tnt_counter              6              1              1
pt3_mut_count_BS            60              1              1
pt3_mut_count_obs            6              1              1
subset_beds                  6              1              1
total                       85              1              1

Select jobs to execute...
Failed to solve scheduling problem with ILP solver in time (10s). Falling back to greedy solver.

[Mon May  2 00:20:55 2022]
rule make_wac:
    output: /hps/nobackup2/flicek/user/cander21/strandAsym/release/test/wac/89985_N3.wac.bed
    jobid: 1
    reason: Missing output files: /hps/nobackup2/flicek/user/cander21/strandAsym/release/test/wac/89985_N3.wac.bed
    wildcards: pth=/hps/nobackup2/flicek/user/cander21/strandAsym/release, dir=test, nod=89985_N3
    resources: tmpdir=/tmp

awk -F"," '{print $3"\t"$6"\t"$7"\t"$15}' /hps/nobackup2/flicek/user/lceCORE/nodules/89985_N3 | sed '/^$/d' | awk '{if ($4 >= 0.33) {print $1"\t"$2"\t"$3"\tW"} else if ($4 <= -0.33) print $1"\t"$2"\t"$3"\tC"}' | sort -k1,1V -k2,2g | grep -v chr > /hps/nobackup2/flicek/user/cander21/strandAsym/release/test/wac/89985_N3.wac.bed
Submitted job 1 with external jobid 'Job <6331055> is submitted to default queue <standard>.'.

[Mon May  2 00:20:55 2022]
rule pt1_RFD_window_sorter:
    output: /hps/nobackup2/flicek/user/cander21/strandAsym/release/test/sample_specific_rfd_windows/89985_N3.input.anno.bed
    jobid: 4
    reason: Missing output files: /hps/nobackup2/flicek/user/cander21/strandAsym/release/test/sample_specific_rfd_windows/89985_N3.input.anno.bed
    wildcards: pth=/hps/nobackup2/flicek/user/cander21/strandAsym/release, dir=test, nod=89985_N3
    resources: tmpdir=/tmp

/hps/nobackup2/flicek/user/cander21/strandAsym/release/bin/pt1_RFD_window_sorter.sh /hps/nobackup2/flicek/user/cander21/strandAsym/release test /hps/nobackup2/flicek/user/cander21/strandAsym/repOri/rfd/c3h.consensus_OK-seq.1kb.bed 89985_N3 /hps/nobackup2/flicek/user/cander21/strandAsym/newrfd_filtered_variants
Submitted job 4 with external jobid 'Job <6331056> is submitted to default queue <standard>.'.

[Mon May  2 00:20:55 2022]
rule pt1_RFD_window_sorter:
    output: /hps/nobackup2/flicek/user/cander21/strandAsym/release/test/sample_specific_rfd_windows/89986_N1.input.anno.bed
    jobid: 6
    reason: Missing output files: /hps/nobackup2/flicek/user/cander21/strandAsym/release/test/sample_specific_rfd_windows/89986_N1.input.anno.bed
    wildcards: pth=/hps/nobackup2/flicek/user/cander21/strandAsym/release, dir=test, nod=89986_N1
    resources: tmpdir=/tmp

/hps/nobackup2/flicek/user/cander21/strandAsym/release/bin/pt1_RFD_window_sorter.sh /hps/nobackup2/flicek/user/cander21/strandAsym/release test /hps/nobackup2/flicek/user/cander21/strandAsym/repOri/rfd/c3h.consensus_OK-seq.1kb.bed 89986_N1 /hps/nobackup2/flicek/user/cander21/strandAsym/newrfd_filtered_variants
Submitted job 6 with external jobid 'Job <6331057> is submitted to default queue <standard>.'.

[Mon May  2 00:20:55 2022]
rule make_wac:
    output: /hps/nobackup2/flicek/user/cander21/strandAsym/release/test/wac/89985_N4.wac.bed
    jobid: 2
    reason: Missing output files: /hps/nobackup2/flicek/user/cander21/strandAsym/release/test/wac/89985_N4.wac.bed
    wildcards: pth=/hps/nobackup2/flicek/user/cander21/strandAsym/release, dir=test, nod=89985_N4
    resources: tmpdir=/tmp

awk -F"," '{print $3"\t"$6"\t"$7"\t"$15}' /hps/nobackup2/flicek/user/lceCORE/nodules/89985_N4 | sed '/^$/d' | awk '{if ($4 >= 0.33) {print $1"\t"$2"\t"$3"\tW"} else if ($4 <= -0.33) print $1"\t"$2"\t"$3"\tC"}' | sort -k1,1V -k2,2g | grep -v chr > /hps/nobackup2/flicek/user/cander21/strandAsym/release/test/wac/89985_N4.wac.bed
Submitted job 2 with external jobid 'Job <6331058> is submitted to default queue <standard>.'.

[Mon May  2 00:20:55 2022]
rule make_wac:
    output: /hps/nobackup2/flicek/user/cander21/strandAsym/release/test/wac/89986_N1.wac.bed
    jobid: 3
    reason: Missing output files: /hps/nobackup2/flicek/user/cander21/strandAsym/release/test/wac/89986_N1.wac.bed
    wildcards: pth=/hps/nobackup2/flicek/user/cander21/strandAsym/release, dir=test, nod=89986_N1
    resources: tmpdir=/tmp

awk -F"," '{print $3"\t"$6"\t"$7"\t"$15}' /hps/nobackup2/flicek/user/lceCORE/nodules/89986_N1 | sed '/^$/d' | awk '{if ($4 >= 0.33) {print $1"\t"$2"\t"$3"\tW"} else if ($4 <= -0.33) print $1"\t"$2"\t"$3"\tC"}' | sort -k1,1V -k2,2g | grep -v chr > /hps/nobackup2/flicek/user/cander21/strandAsym/release/test/wac/89986_N1.wac.bed
Submitted job 3 with external jobid 'Job <6331059> is submitted to default queue <standard>.'.

[Mon May  2 00:20:55 2022]
rule pt1_RFD_window_sorter:
    output: /hps/nobackup2/flicek/user/cander21/strandAsym/release/test/sample_specific_rfd_windows/89985_N4.input.anno.bed
    jobid: 5
    reason: Missing output files: /hps/nobackup2/flicek/user/cander21/strandAsym/release/test/sample_specific_rfd_windows/89985_N4.input.anno.bed
    wildcards: pth=/hps/nobackup2/flicek/user/cander21/strandAsym/release, dir=test, nod=89985_N4
    resources: tmpdir=/tmp

/hps/nobackup2/flicek/user/cander21/strandAsym/release/bin/pt1_RFD_window_sorter.sh /hps/nobackup2/flicek/user/cander21/strandAsym/release test /hps/nobackup2/flicek/user/cander21/strandAsym/repOri/rfd/c3h.consensus_OK-seq.1kb.bed 89985_N4 /hps/nobackup2/flicek/user/cander21/strandAsym/newrfd_filtered_variants
Submitted job 5 with external jobid 'Job <6331060> is submitted to default queue <standard>.'.
[Mon May  2 00:21:04 2022]
Error in rule make_wac:
    jobid: 1
    output: /hps/nobackup2/flicek/user/cander21/strandAsym/release/test/wac/89985_N3.wac.bed
    shell:
        awk -F"," '{print $3"\t"$6"\t"$7"\t"$15}' /hps/nobackup2/flicek/user/lceCORE/nodules/89985_N3 | sed '/^$/d' | awk '{if ($4 >= 0.33) {print $1"\t"$2"\t"$3"\tW"} else if ($4 <= -0.33) print $1"\t"$2"\t"$3"\tC"}' | sort -k1,1V -k2,2g | grep -v chr > /hps/nobackup2/flicek/user/cander21/strandAsym/release/test/wac/89985_N3.wac.bed
        (one of the commands exited with non-zero exit code; note that snakemake uses bash strict mode!)
    cluster_jobid: Job <6331055> is submitted to default queue <standard>.

Error executing rule make_wac on cluster (jobid: 1, external: Job <6331055> is submitted to default queue <standard>., jobscript: /hps/nobackup2/flicek/user/cander21/strandAsym/release/test/.snakemake/tmp.9av9vdvo/snakejob.make_wac.1.sh). For error details see the cluster log and the log files of the involved rule(s).
[Mon May  2 00:24:24 2022]
Error in rule pt1_RFD_window_sorter:
    jobid: 4
    output: /hps/nobackup2/flicek/user/cander21/strandAsym/release/test/sample_specific_rfd_windows/89985_N3.input.anno.bed
    shell:
        /hps/nobackup2/flicek/user/cander21/strandAsym/release/bin/pt1_RFD_window_sorter.sh /hps/nobackup2/flicek/user/cander21/strandAsym/release test /hps/nobackup2/flicek/user/cander21/strandAsym/repOri/rfd/c3h.consensus_OK-seq.1kb.bed 89985_N3 /hps/nobackup2/flicek/user/cander21/strandAsym/newrfd_filtered_variants
        (one of the commands exited with non-zero exit code; note that snakemake uses bash strict mode!)
    cluster_jobid: Job <6331056> is submitted to default queue <standard>.

Error executing rule pt1_RFD_window_sorter on cluster (jobid: 4, external: Job <6331056> is submitted to default queue <standard>., jobscript: /hps/nobackup2/flicek/user/cander21/strandAsym/release/test/.snakemake/tmp.9av9vdvo/snakejob.pt1_RFD_window_sorter.4.sh). For error details see the cluster log and the log files of the involved rule(s).
[Mon May  2 00:24:24 2022]
Error in rule pt1_RFD_window_sorter:
    jobid: 6
    output: /hps/nobackup2/flicek/user/cander21/strandAsym/release/test/sample_specific_rfd_windows/89986_N1.input.anno.bed
    shell:
        /hps/nobackup2/flicek/user/cander21/strandAsym/release/bin/pt1_RFD_window_sorter.sh /hps/nobackup2/flicek/user/cander21/strandAsym/release test /hps/nobackup2/flicek/user/cander21/strandAsym/repOri/rfd/c3h.consensus_OK-seq.1kb.bed 89986_N1 /hps/nobackup2/flicek/user/cander21/strandAsym/newrfd_filtered_variants
        (one of the commands exited with non-zero exit code; note that snakemake uses bash strict mode!)
    cluster_jobid: Job <6331057> is submitted to default queue <standard>.

Error executing rule pt1_RFD_window_sorter on cluster (jobid: 6, external: Job <6331057> is submitted to default queue <standard>., jobscript: /hps/nobackup2/flicek/user/cander21/strandAsym/release/test/.snakemake/tmp.9av9vdvo/snakejob.pt1_RFD_window_sorter.6.sh). For error details see the cluster log and the log files of the involved rule(s).
[Mon May  2 00:24:24 2022]
Error in rule make_wac:
    jobid: 2
    output: /hps/nobackup2/flicek/user/cander21/strandAsym/release/test/wac/89985_N4.wac.bed
    shell:
        awk -F"," '{print $3"\t"$6"\t"$7"\t"$15}' /hps/nobackup2/flicek/user/lceCORE/nodules/89985_N4 | sed '/^$/d' | awk '{if ($4 >= 0.33) {print $1"\t"$2"\t"$3"\tW"} else if ($4 <= -0.33) print $1"\t"$2"\t"$3"\tC"}' | sort -k1,1V -k2,2g | grep -v chr > /hps/nobackup2/flicek/user/cander21/strandAsym/release/test/wac/89985_N4.wac.bed
        (one of the commands exited with non-zero exit code; note that snakemake uses bash strict mode!)
    cluster_jobid: Job <6331058> is submitted to default queue <standard>.

Error executing rule make_wac on cluster (jobid: 2, external: Job <6331058> is submitted to default queue <standard>., jobscript: /hps/nobackup2/flicek/user/cander21/strandAsym/release/test/.snakemake/tmp.9av9vdvo/snakejob.make_wac.2.sh). For error details see the cluster log and the log files of the involved rule(s).
[Mon May  2 00:24:24 2022]
Error in rule make_wac:
    jobid: 3
    output: /hps/nobackup2/flicek/user/cander21/strandAsym/release/test/wac/89986_N1.wac.bed
    shell:
        awk -F"," '{print $3"\t"$6"\t"$7"\t"$15}' /hps/nobackup2/flicek/user/lceCORE/nodules/89986_N1 | sed '/^$/d' | awk '{if ($4 >= 0.33) {print $1"\t"$2"\t"$3"\tW"} else if ($4 <= -0.33) print $1"\t"$2"\t"$3"\tC"}' | sort -k1,1V -k2,2g | grep -v chr > /hps/nobackup2/flicek/user/cander21/strandAsym/release/test/wac/89986_N1.wac.bed
        (one of the commands exited with non-zero exit code; note that snakemake uses bash strict mode!)
    cluster_jobid: Job <6331059> is submitted to default queue <standard>.

Error executing rule make_wac on cluster (jobid: 3, external: Job <6331059> is submitted to default queue <standard>., jobscript: /hps/nobackup2/flicek/user/cander21/strandAsym/release/test/.snakemake/tmp.9av9vdvo/snakejob.make_wac.3.sh). For error details see the cluster log and the log files of the involved rule(s).
[Mon May  2 00:24:38 2022]
Finished job 5.
1 of 85 steps (1%) done
Shutting down, this might take some time.
Exiting because a job execution failed. Look above for error message
Complete log: /hps/nobackup2/flicek/user/cander21/strandAsym/release/.snakemake/log/2022-05-02T001519.481460.snakemake.log
