Building DAG of jobs...
Using shell: /usr/local/bin/bash
Provided cluster nodes: 800
Job counts:
	count	jobs
	1	all
	1	make_wac
	1	pt1_RFD_window_sorter
	1	pt2_tnt_counter
	3	pt3_mut_count_BS_G
	3	pt3_mut_count_BS_NG
	1	pt3_mut_count_obs
	1	subset_beds
	12

[Mon May  2 18:10:10 2022]
rule make_wac:
    output: /hps/nobackup2/flicek/user/cander21/strandAsym/release/test/wac/93244_N3.wac.bed
    jobid: 1
    reason: Missing output files: /hps/nobackup2/flicek/user/cander21/strandAsym/release/test/wac/93244_N3.wac.bed
    wildcards: pth=/hps/nobackup2/flicek/user/cander21/strandAsym/release, dir=test, nod=93244_N3

awk -F"," '{print $3"\t"$6"\t"$7"\t"$15}' /hps/nobackup2/flicek/user/lceCORE/nodules/93244_N3.fnodDrcrMa | sed '/^$/d' | awk '{if ($4 >= 0.33) {print $1"\t"$2"\t"$3"\tW"} else if ($4 <= -0.33) print $1"\t"$2"\t"$3"\tC"}' | sort -k1,1V -k2,2g | grep -v chr > /hps/nobackup2/flicek/user/cander21/strandAsym/release/test/wac/93244_N3.wac.bed
Submitted job 1 with external jobid 'Job <6370046> is submitted to default queue <standard>.'.
[Mon May  2 18:10:20 2022]
Finished job 1.
1 of 12 steps (8%) done

[Mon May  2 18:10:20 2022]
rule pt1_RFD_window_sorter:
    input: /hps/nobackup2/flicek/user/cander21/strandAsym/release/test/wac/93244_N3.wac.bed
    output: /hps/nobackup2/flicek/user/cander21/strandAsym/release/test/sample_specific_rfd_windows/93244_N3.input.anno.bed
    jobid: 2
    reason: Missing output files: /hps/nobackup2/flicek/user/cander21/strandAsym/release/test/sample_specific_rfd_windows/93244_N3.input.anno.bed; Input files updated by another job: /hps/nobackup2/flicek/user/cander21/strandAsym/release/test/wac/93244_N3.wac.bed
    wildcards: pth=/hps/nobackup2/flicek/user/cander21/strandAsym/release, dir=test, nod=93244_N3

/hps/nobackup2/flicek/user/cander21/strandAsym/release/bin/pt1_RFD_window_sorter.sh /hps/nobackup2/flicek/user/cander21/strandAsym/release test /hps/nobackup2/flicek/user/cander21/strandAsym/repOri/rfd/c3h.consensus_OK-seq.1kb.bed 93244_N3 /hps/nobackup2/flicek/user/cander21/strandAsym/newrfd_filtered_variants
Submitted job 2 with external jobid 'Job <6370051> is submitted to default queue <standard>.'.
[Mon May  2 18:10:31 2022]
Finished job 2.
2 of 12 steps (17%) done

[Mon May  2 18:10:31 2022]
rule subset_beds:
    input: /hps/nobackup2/flicek/user/cander21/strandAsym/release/test/sample_specific_rfd_windows/93244_N3.input.anno.bed
    output: /hps/nobackup2/flicek/user/cander21/strandAsym/release/test/sample_specific_rfd_windows/93244_N3.input.anno.genic.bed, /hps/nobackup2/flicek/user/cander21/strandAsym/release/test/sample_specific_rfd_windows/93244_N3.input.anno.nongenic.bed
    jobid: 3
    reason: Missing output files: /hps/nobackup2/flicek/user/cander21/strandAsym/release/test/sample_specific_rfd_windows/93244_N3.input.anno.nongenic.bed, /hps/nobackup2/flicek/user/cander21/strandAsym/release/test/sample_specific_rfd_windows/93244_N3.input.anno.genic.bed; Input files updated by another job: /hps/nobackup2/flicek/user/cander21/strandAsym/release/test/sample_specific_rfd_windows/93244_N3.input.anno.bed
    wildcards: pth=/hps/nobackup2/flicek/user/cander21/strandAsym/release, dir=test, nod=93244_N3

 bedtools intersect -a /hps/nobackup2/flicek/user/cander21/strandAsym/release/test/sample_specific_rfd_windows/93244_N3.input.anno.bed -b /hps/nobackup2/flicek/user/cander21/strandAsym/filtered_variants2/expression/rfd_1kb.expression.no_overlap.bed > /hps/nobackup2/flicek/user/cander21/strandAsym/release/test/sample_specific_rfd_windows/93244_N3.input.anno.genic.bed ; bedtools subtract -a /hps/nobackup2/flicek/user/cander21/strandAsym/release/test/sample_specific_rfd_windows/93244_N3.input.anno.bed -b /hps/nobackup2/flicek/user/cander21/strandAsym/filtered_variants2/expression/rfd_1kb.expression.no_overlap.bed > /hps/nobackup2/flicek/user/cander21/strandAsym/release/test/sample_specific_rfd_windows/93244_N3.input.anno.nongenic.bed 
Submitted job 3 with external jobid 'Job <6370061> is submitted to default queue <standard>.'.
[Mon May  2 18:11:21 2022]
Finished job 3.
3 of 12 steps (25%) done

[Mon May  2 18:11:21 2022]
rule pt2_tnt_counter:
    input: /hps/nobackup2/flicek/user/cander21/strandAsym/release/test/sample_specific_rfd_windows/93244_N3.input.anno.genic.bed, /hps/nobackup2/flicek/user/cander21/strandAsym/release/test/sample_specific_rfd_windows/93244_N3.input.anno.nongenic.bed
    output: /hps/nobackup2/flicek/user/cander21/strandAsym/release/test/nongenic/93244_N3.rfd.COM.tnt_count, /hps/nobackup2/flicek/user/cander21/strandAsym/release/test/genic/93244_N3.rfd.COM.tnt_count
    jobid: 4
    reason: Missing output files: /hps/nobackup2/flicek/user/cander21/strandAsym/release/test/nongenic/93244_N3.rfd.COM.tnt_count, /hps/nobackup2/flicek/user/cander21/strandAsym/release/test/genic/93244_N3.rfd.COM.tnt_count; Input files updated by another job: /hps/nobackup2/flicek/user/cander21/strandAsym/release/test/sample_specific_rfd_windows/93244_N3.input.anno.nongenic.bed, /hps/nobackup2/flicek/user/cander21/strandAsym/release/test/sample_specific_rfd_windows/93244_N3.input.anno.genic.bed
    wildcards: pth=/hps/nobackup2/flicek/user/cander21/strandAsym/release, dir=test, nod=93244_N3

 while read line ; do bits=($line) ; /hps/nobackup2/flicek/user/cander21/strandAsym/release/bin/pt2_tnt_counter.sh ${bits[0]} ${bits[1]} ${bits[2]} 1 genic 93244_N3 /hps/nobackup2/flicek/user/cander21/strandAsym/release/bin /hps/nobackup2/flicek/user/lceCORE/genomes/c3h.arcMask.fa ; done < /hps/nobackup2/flicek/user/cander21/strandAsym/release/test_rfd.txt ; while read line ; do bits=($line) ; /hps/nobackup2/flicek/user/cander21/strandAsym/release/bin/pt2_tnt_counter.sh ${bits[0]} ${bits[1]} ${bits[2]} 1 nongenic 93244_N3 /hps/nobackup2/flicek/user/cander21/strandAsym/release/bin /hps/nobackup2/flicek/user/lceCORE/genomes/c3h.arcMask.fa ; done < /hps/nobackup2/flicek/user/cander21/strandAsym/release/test_rfd.txt 
Submitted job 4 with external jobid 'Job <6370078> is submitted to default queue <standard>.'.
[Mon May  2 18:13:13 2022]
Finished job 4.
4 of 12 steps (33%) done

[Mon May  2 18:13:13 2022]
rule pt3_mut_count_obs:
    input: /hps/nobackup2/flicek/user/cander21/strandAsym/release/test/genic/93244_N3.rfd.COM.tnt_count, /hps/nobackup2/flicek/user/cander21/strandAsym/release/test/nongenic/93244_N3.rfd.COM.tnt_count
    output: /hps/nobackup2/flicek/user/cander21/strandAsym/release/test/genic/bs0/bs0.93244_N3.mu, /hps/nobackup2/flicek/user/cander21/strandAsym/release/test/nongenic/bs0/bs0.93244_N3.mu
    jobid: 5
    reason: Missing output files: /hps/nobackup2/flicek/user/cander21/strandAsym/release/test/genic/bs0/bs0.93244_N3.mu, /hps/nobackup2/flicek/user/cander21/strandAsym/release/test/nongenic/bs0/bs0.93244_N3.mu; Input files updated by another job: /hps/nobackup2/flicek/user/cander21/strandAsym/release/test/nongenic/93244_N3.rfd.COM.tnt_count, /hps/nobackup2/flicek/user/cander21/strandAsym/release/test/genic/93244_N3.rfd.COM.tnt_count
    wildcards: pth=/hps/nobackup2/flicek/user/cander21/strandAsym/release, dir=test, nod=93244_N3

while read line ; do bits=($line) ; /hps/nobackup2/flicek/user/cander21/strandAsym/release/bin/pt3_mut_count.sh ${bits[0]} ${bits[1]} ${bits[2]} 0 1 0 genic 93244_N3 /hps/nobackup2/flicek/user/cander21/strandAsym/release/bin /hps/nobackup2/flicek/user/cander21/strandAsym/release test /hps/nobackup2/flicek/user/lceCORE/genomes/c3h.arcMask.fa ; done < /hps/nobackup2/flicek/user/cander21/strandAsym/release/test_rfd.txt ; while read line ; do bits=($line) ; /hps/nobackup2/flicek/user/cander21/strandAsym/release/bin/pt3_mut_count.sh ${bits[0]} ${bits[1]} ${bits[2]} 0 1 0 nongenic 93244_N3 /hps/nobackup2/flicek/user/cander21/strandAsym/release/bin /hps/nobackup2/flicek/user/cander21/strandAsym/release test /hps/nobackup2/flicek/user/lceCORE/genomes/c3h.arcMask.fa ; done < /hps/nobackup2/flicek/user/cander21/strandAsym/release/test_rfd.txt 
Submitted job 5 with external jobid 'Job <6370117> is submitted to default queue <standard>.'.
[Mon May  2 18:14:03 2022]
Finished job 5.
5 of 12 steps (42%) done

[Mon May  2 18:14:03 2022]
rule pt3_mut_count_BS_NG:
    input: /hps/nobackup2/flicek/user/cander21/strandAsym/release/test/nongenic/bs0/bs0.93244_N3.mu
    output: /hps/nobackup2/flicek/user/cander21/strandAsym/release/test/nongenic/bs1/bs1.93244_N3.mu, /hps/nobackup2/flicek/user/cander21/strandAsym/release/test/nongenic/bs1/93244_N3.1.bed, /hps/nobackup2/flicek/user/cander21/strandAsym/release/test/nongenic/bs1/93244_N3.rfd.W.tnt_count, /hps/nobackup2/flicek/user/cander21/strandAsym/release/test/nongenic/bs1/93244_N3.rfd.C.tnt_count, /hps/nobackup2/flicek/user/cander21/strandAsym/release/test/nongenic/bs1/93244_N3.rfd.1.C.mut, /hps/nobackup2/flicek/user/cander21/strandAsym/release/test/nongenic/bs1/93244_N3.rfd.1.W.mut
    jobid: 9
    reason: Missing output files: /hps/nobackup2/flicek/user/cander21/strandAsym/release/test/nongenic/bs1/bs1.93244_N3.mu; Input files updated by another job: /hps/nobackup2/flicek/user/cander21/strandAsym/release/test/nongenic/bs0/bs0.93244_N3.mu
    wildcards: pth=/hps/nobackup2/flicek/user/cander21/strandAsym/release, dir=test, bs=1, nod=93244_N3

 for x in {1..3} ; do while read line ; do bits=($line) ; /hps/nobackup2/flicek/user/cander21/strandAsym/release/bin/pt3_mut_count.sh ${bits[0]} ${bits[1]} ${bits[2]} 1 1 $x nongenic 93244_N3 /hps/nobackup2/flicek/user/cander21/strandAsym/release/bin /hps/nobackup2/flicek/user/cander21/strandAsym/release test /hps/nobackup2/flicek/user/lceCORE/genomes/c3h.arcMask.fa ; done < /hps/nobackup2/flicek/user/cander21/strandAsym/release/test_rfd.txt ; done 
Submitted job 9 with external jobid 'Job <6370133> is submitted to default queue <standard>.'.

[Mon May  2 18:14:03 2022]
rule pt3_mut_count_BS_NG:
    input: /hps/nobackup2/flicek/user/cander21/strandAsym/release/test/nongenic/bs0/bs0.93244_N3.mu
    output: /hps/nobackup2/flicek/user/cander21/strandAsym/release/test/nongenic/bs2/bs2.93244_N3.mu, /hps/nobackup2/flicek/user/cander21/strandAsym/release/test/nongenic/bs2/93244_N3.2.bed, /hps/nobackup2/flicek/user/cander21/strandAsym/release/test/nongenic/bs2/93244_N3.rfd.W.tnt_count, /hps/nobackup2/flicek/user/cander21/strandAsym/release/test/nongenic/bs2/93244_N3.rfd.C.tnt_count, /hps/nobackup2/flicek/user/cander21/strandAsym/release/test/nongenic/bs2/93244_N3.rfd.2.C.mut, /hps/nobackup2/flicek/user/cander21/strandAsym/release/test/nongenic/bs2/93244_N3.rfd.2.W.mut
    jobid: 10
    reason: Missing output files: /hps/nobackup2/flicek/user/cander21/strandAsym/release/test/nongenic/bs2/bs2.93244_N3.mu; Input files updated by another job: /hps/nobackup2/flicek/user/cander21/strandAsym/release/test/nongenic/bs0/bs0.93244_N3.mu
    wildcards: pth=/hps/nobackup2/flicek/user/cander21/strandAsym/release, dir=test, bs=2, nod=93244_N3

 for x in {1..3} ; do while read line ; do bits=($line) ; /hps/nobackup2/flicek/user/cander21/strandAsym/release/bin/pt3_mut_count.sh ${bits[0]} ${bits[1]} ${bits[2]} 1 1 $x nongenic 93244_N3 /hps/nobackup2/flicek/user/cander21/strandAsym/release/bin /hps/nobackup2/flicek/user/cander21/strandAsym/release test /hps/nobackup2/flicek/user/lceCORE/genomes/c3h.arcMask.fa ; done < /hps/nobackup2/flicek/user/cander21/strandAsym/release/test_rfd.txt ; done 
Submitted job 10 with external jobid 'Job <6370134> is submitted to default queue <standard>.'.

[Mon May  2 18:14:03 2022]
rule pt3_mut_count_BS_G:
    input: /hps/nobackup2/flicek/user/cander21/strandAsym/release/test/genic/bs0/bs0.93244_N3.mu
    output: /hps/nobackup2/flicek/user/cander21/strandAsym/release/test/genic/bs2/bs2.93244_N3.mu, /hps/nobackup2/flicek/user/cander21/strandAsym/release/test/genic/bs2/93244_N3.2.bed, /hps/nobackup2/flicek/user/cander21/strandAsym/release/test/genic/bs2/93244_N3.rfd.W.tnt_count, /hps/nobackup2/flicek/user/cander21/strandAsym/release/test/genic/bs2/93244_N3.rfd.C.tnt_count, /hps/nobackup2/flicek/user/cander21/strandAsym/release/test/genic/bs2/93244_N3.rfd.2.C.mut, /hps/nobackup2/flicek/user/cander21/strandAsym/release/test/genic/bs2/93244_N3.rfd.2.W.mut
    jobid: 7
    reason: Missing output files: /hps/nobackup2/flicek/user/cander21/strandAsym/release/test/genic/bs2/bs2.93244_N3.mu; Input files updated by another job: /hps/nobackup2/flicek/user/cander21/strandAsym/release/test/genic/bs0/bs0.93244_N3.mu
    wildcards: pth=/hps/nobackup2/flicek/user/cander21/strandAsym/release, dir=test, bs=2, nod=93244_N3

 for x in {1..3} ; do while read line ; do bits=($line) ; /hps/nobackup2/flicek/user/cander21/strandAsym/release/bin/pt3_mut_count.sh ${bits[0]} ${bits[1]} ${bits[2]} 1 1 $x genic 93244_N3 /hps/nobackup2/flicek/user/cander21/strandAsym/release/bin /hps/nobackup2/flicek/user/cander21/strandAsym/release test /hps/nobackup2/flicek/user/lceCORE/genomes/c3h.arcMask.fa ; done < /hps/nobackup2/flicek/user/cander21/strandAsym/release/test_rfd.txt ; done 
Submitted job 7 with external jobid 'Job <6370135> is submitted to default queue <standard>.'.

[Mon May  2 18:14:03 2022]
rule pt3_mut_count_BS_G:
    input: /hps/nobackup2/flicek/user/cander21/strandAsym/release/test/genic/bs0/bs0.93244_N3.mu
    output: /hps/nobackup2/flicek/user/cander21/strandAsym/release/test/genic/bs1/bs1.93244_N3.mu, /hps/nobackup2/flicek/user/cander21/strandAsym/release/test/genic/bs1/93244_N3.1.bed, /hps/nobackup2/flicek/user/cander21/strandAsym/release/test/genic/bs1/93244_N3.rfd.W.tnt_count, /hps/nobackup2/flicek/user/cander21/strandAsym/release/test/genic/bs1/93244_N3.rfd.C.tnt_count, /hps/nobackup2/flicek/user/cander21/strandAsym/release/test/genic/bs1/93244_N3.rfd.1.C.mut, /hps/nobackup2/flicek/user/cander21/strandAsym/release/test/genic/bs1/93244_N3.rfd.1.W.mut
    jobid: 6
    reason: Missing output files: /hps/nobackup2/flicek/user/cander21/strandAsym/release/test/genic/bs1/bs1.93244_N3.mu; Input files updated by another job: /hps/nobackup2/flicek/user/cander21/strandAsym/release/test/genic/bs0/bs0.93244_N3.mu
    wildcards: pth=/hps/nobackup2/flicek/user/cander21/strandAsym/release, dir=test, bs=1, nod=93244_N3

 for x in {1..3} ; do while read line ; do bits=($line) ; /hps/nobackup2/flicek/user/cander21/strandAsym/release/bin/pt3_mut_count.sh ${bits[0]} ${bits[1]} ${bits[2]} 1 1 $x genic 93244_N3 /hps/nobackup2/flicek/user/cander21/strandAsym/release/bin /hps/nobackup2/flicek/user/cander21/strandAsym/release test /hps/nobackup2/flicek/user/lceCORE/genomes/c3h.arcMask.fa ; done < /hps/nobackup2/flicek/user/cander21/strandAsym/release/test_rfd.txt ; done 
Submitted job 6 with external jobid 'Job <6370136> is submitted to default queue <standard>.'.

[Mon May  2 18:14:03 2022]
rule pt3_mut_count_BS_G:
    input: /hps/nobackup2/flicek/user/cander21/strandAsym/release/test/genic/bs0/bs0.93244_N3.mu
    output: /hps/nobackup2/flicek/user/cander21/strandAsym/release/test/genic/bs3/bs3.93244_N3.mu, /hps/nobackup2/flicek/user/cander21/strandAsym/release/test/genic/bs3/93244_N3.3.bed, /hps/nobackup2/flicek/user/cander21/strandAsym/release/test/genic/bs3/93244_N3.rfd.W.tnt_count, /hps/nobackup2/flicek/user/cander21/strandAsym/release/test/genic/bs3/93244_N3.rfd.C.tnt_count, /hps/nobackup2/flicek/user/cander21/strandAsym/release/test/genic/bs3/93244_N3.rfd.3.C.mut, /hps/nobackup2/flicek/user/cander21/strandAsym/release/test/genic/bs3/93244_N3.rfd.3.W.mut
    jobid: 8
    reason: Missing output files: /hps/nobackup2/flicek/user/cander21/strandAsym/release/test/genic/bs3/bs3.93244_N3.mu; Input files updated by another job: /hps/nobackup2/flicek/user/cander21/strandAsym/release/test/genic/bs0/bs0.93244_N3.mu
    wildcards: pth=/hps/nobackup2/flicek/user/cander21/strandAsym/release, dir=test, bs=3, nod=93244_N3

 for x in {1..3} ; do while read line ; do bits=($line) ; /hps/nobackup2/flicek/user/cander21/strandAsym/release/bin/pt3_mut_count.sh ${bits[0]} ${bits[1]} ${bits[2]} 1 1 $x genic 93244_N3 /hps/nobackup2/flicek/user/cander21/strandAsym/release/bin /hps/nobackup2/flicek/user/cander21/strandAsym/release test /hps/nobackup2/flicek/user/lceCORE/genomes/c3h.arcMask.fa ; done < /hps/nobackup2/flicek/user/cander21/strandAsym/release/test_rfd.txt ; done 
Submitted job 8 with external jobid 'Job <6370137> is submitted to default queue <standard>.'.

[Mon May  2 18:14:03 2022]
rule pt3_mut_count_BS_NG:
    input: /hps/nobackup2/flicek/user/cander21/strandAsym/release/test/nongenic/bs0/bs0.93244_N3.mu
    output: /hps/nobackup2/flicek/user/cander21/strandAsym/release/test/nongenic/bs3/bs3.93244_N3.mu, /hps/nobackup2/flicek/user/cander21/strandAsym/release/test/nongenic/bs3/93244_N3.3.bed, /hps/nobackup2/flicek/user/cander21/strandAsym/release/test/nongenic/bs3/93244_N3.rfd.W.tnt_count, /hps/nobackup2/flicek/user/cander21/strandAsym/release/test/nongenic/bs3/93244_N3.rfd.C.tnt_count, /hps/nobackup2/flicek/user/cander21/strandAsym/release/test/nongenic/bs3/93244_N3.rfd.3.C.mut, /hps/nobackup2/flicek/user/cander21/strandAsym/release/test/nongenic/bs3/93244_N3.rfd.3.W.mut
    jobid: 11
    reason: Missing output files: /hps/nobackup2/flicek/user/cander21/strandAsym/release/test/nongenic/bs3/bs3.93244_N3.mu; Input files updated by another job: /hps/nobackup2/flicek/user/cander21/strandAsym/release/test/nongenic/bs0/bs0.93244_N3.mu
    wildcards: pth=/hps/nobackup2/flicek/user/cander21/strandAsym/release, dir=test, bs=3, nod=93244_N3

 for x in {1..3} ; do while read line ; do bits=($line) ; /hps/nobackup2/flicek/user/cander21/strandAsym/release/bin/pt3_mut_count.sh ${bits[0]} ${bits[1]} ${bits[2]} 1 1 $x nongenic 93244_N3 /hps/nobackup2/flicek/user/cander21/strandAsym/release/bin /hps/nobackup2/flicek/user/cander21/strandAsym/release test /hps/nobackup2/flicek/user/lceCORE/genomes/c3h.arcMask.fa ; done < /hps/nobackup2/flicek/user/cander21/strandAsym/release/test_rfd.txt ; done 
Submitted job 11 with external jobid 'Job <6370138> is submitted to default queue <standard>.'.
Removing temporary output file /hps/nobackup2/flicek/user/cander21/strandAsym/release/test/nongenic/bs1/93244_N3.1.bed.
Removing temporary output file /hps/nobackup2/flicek/user/cander21/strandAsym/release/test/nongenic/bs1/93244_N3.rfd.W.tnt_count.
Removing temporary output file /hps/nobackup2/flicek/user/cander21/strandAsym/release/test/nongenic/bs1/93244_N3.rfd.C.tnt_count.
Removing temporary output file /hps/nobackup2/flicek/user/cander21/strandAsym/release/test/nongenic/bs1/93244_N3.rfd.1.C.mut.
Removing temporary output file /hps/nobackup2/flicek/user/cander21/strandAsym/release/test/nongenic/bs1/93244_N3.rfd.1.W.mut.
[Mon May  2 18:15:35 2022]
Finished job 9.
6 of 12 steps (50%) done
[Mon May  2 18:16:05 2022]
Error in rule pt3_mut_count_BS_G:
    jobid: 6
    output: /hps/nobackup2/flicek/user/cander21/strandAsym/release/test/genic/bs1/bs1.93244_N3.mu, /hps/nobackup2/flicek/user/cander21/strandAsym/release/test/genic/bs1/93244_N3.1.bed, /hps/nobackup2/flicek/user/cander21/strandAsym/release/test/genic/bs1/93244_N3.rfd.W.tnt_count, /hps/nobackup2/flicek/user/cander21/strandAsym/release/test/genic/bs1/93244_N3.rfd.C.tnt_count, /hps/nobackup2/flicek/user/cander21/strandAsym/release/test/genic/bs1/93244_N3.rfd.1.C.mut, /hps/nobackup2/flicek/user/cander21/strandAsym/release/test/genic/bs1/93244_N3.rfd.1.W.mut
    shell:
         for x in {1..3} ; do while read line ; do bits=($line) ; /hps/nobackup2/flicek/user/cander21/strandAsym/release/bin/pt3_mut_count.sh ${bits[0]} ${bits[1]} ${bits[2]} 1 1 $x genic 93244_N3 /hps/nobackup2/flicek/user/cander21/strandAsym/release/bin /hps/nobackup2/flicek/user/cander21/strandAsym/release test /hps/nobackup2/flicek/user/lceCORE/genomes/c3h.arcMask.fa ; done < /hps/nobackup2/flicek/user/cander21/strandAsym/release/test_rfd.txt ; done 
        (one of the commands exited with non-zero exit code; note that snakemake uses bash strict mode!)
    cluster_jobid: Job <6370136> is submitted to default queue <standard>.

Error executing rule pt3_mut_count_BS_G on cluster (jobid: 6, external: Job <6370136> is submitted to default queue <standard>., jobscript: /hps/nobackup2/flicek/user/cander21/strandAsym/release/test/.snakemake/tmp.8i8m7r08/snakejob.pt3_mut_count_BS_G.6.sh). For error details see the cluster log and the log files of the involved rule(s).
[Mon May  2 18:16:05 2022]
Error in rule pt3_mut_count_BS_G:
    jobid: 8
    output: /hps/nobackup2/flicek/user/cander21/strandAsym/release/test/genic/bs3/bs3.93244_N3.mu, /hps/nobackup2/flicek/user/cander21/strandAsym/release/test/genic/bs3/93244_N3.3.bed, /hps/nobackup2/flicek/user/cander21/strandAsym/release/test/genic/bs3/93244_N3.rfd.W.tnt_count, /hps/nobackup2/flicek/user/cander21/strandAsym/release/test/genic/bs3/93244_N3.rfd.C.tnt_count, /hps/nobackup2/flicek/user/cander21/strandAsym/release/test/genic/bs3/93244_N3.rfd.3.C.mut, /hps/nobackup2/flicek/user/cander21/strandAsym/release/test/genic/bs3/93244_N3.rfd.3.W.mut
    shell:
         for x in {1..3} ; do while read line ; do bits=($line) ; /hps/nobackup2/flicek/user/cander21/strandAsym/release/bin/pt3_mut_count.sh ${bits[0]} ${bits[1]} ${bits[2]} 1 1 $x genic 93244_N3 /hps/nobackup2/flicek/user/cander21/strandAsym/release/bin /hps/nobackup2/flicek/user/cander21/strandAsym/release test /hps/nobackup2/flicek/user/lceCORE/genomes/c3h.arcMask.fa ; done < /hps/nobackup2/flicek/user/cander21/strandAsym/release/test_rfd.txt ; done 
        (one of the commands exited with non-zero exit code; note that snakemake uses bash strict mode!)
    cluster_jobid: Job <6370137> is submitted to default queue <standard>.

Error executing rule pt3_mut_count_BS_G on cluster (jobid: 8, external: Job <6370137> is submitted to default queue <standard>., jobscript: /hps/nobackup2/flicek/user/cander21/strandAsym/release/test/.snakemake/tmp.8i8m7r08/snakejob.pt3_mut_count_BS_G.8.sh). For error details see the cluster log and the log files of the involved rule(s).
[Mon May  2 18:16:55 2022]
Error in rule pt3_mut_count_BS_NG:
    jobid: 10
    output: /hps/nobackup2/flicek/user/cander21/strandAsym/release/test/nongenic/bs2/bs2.93244_N3.mu, /hps/nobackup2/flicek/user/cander21/strandAsym/release/test/nongenic/bs2/93244_N3.2.bed, /hps/nobackup2/flicek/user/cander21/strandAsym/release/test/nongenic/bs2/93244_N3.rfd.W.tnt_count, /hps/nobackup2/flicek/user/cander21/strandAsym/release/test/nongenic/bs2/93244_N3.rfd.C.tnt_count, /hps/nobackup2/flicek/user/cander21/strandAsym/release/test/nongenic/bs2/93244_N3.rfd.2.C.mut, /hps/nobackup2/flicek/user/cander21/strandAsym/release/test/nongenic/bs2/93244_N3.rfd.2.W.mut
    shell:
         for x in {1..3} ; do while read line ; do bits=($line) ; /hps/nobackup2/flicek/user/cander21/strandAsym/release/bin/pt3_mut_count.sh ${bits[0]} ${bits[1]} ${bits[2]} 1 1 $x nongenic 93244_N3 /hps/nobackup2/flicek/user/cander21/strandAsym/release/bin /hps/nobackup2/flicek/user/cander21/strandAsym/release test /hps/nobackup2/flicek/user/lceCORE/genomes/c3h.arcMask.fa ; done < /hps/nobackup2/flicek/user/cander21/strandAsym/release/test_rfd.txt ; done 
        (one of the commands exited with non-zero exit code; note that snakemake uses bash strict mode!)
    cluster_jobid: Job <6370134> is submitted to default queue <standard>.

Error executing rule pt3_mut_count_BS_NG on cluster (jobid: 10, external: Job <6370134> is submitted to default queue <standard>., jobscript: /hps/nobackup2/flicek/user/cander21/strandAsym/release/test/.snakemake/tmp.8i8m7r08/snakejob.pt3_mut_count_BS_NG.10.sh). For error details see the cluster log and the log files of the involved rule(s).
Removing temporary output file /hps/nobackup2/flicek/user/cander21/strandAsym/release/test/genic/bs2/93244_N3.2.bed.
Removing temporary output file /hps/nobackup2/flicek/user/cander21/strandAsym/release/test/genic/bs2/93244_N3.rfd.W.tnt_count.
Removing temporary output file /hps/nobackup2/flicek/user/cander21/strandAsym/release/test/genic/bs2/93244_N3.rfd.C.tnt_count.
Removing temporary output file /hps/nobackup2/flicek/user/cander21/strandAsym/release/test/genic/bs2/93244_N3.rfd.2.C.mut.
Removing temporary output file /hps/nobackup2/flicek/user/cander21/strandAsym/release/test/genic/bs2/93244_N3.rfd.2.W.mut.
[Mon May  2 18:18:38 2022]
Finished job 7.
7 of 12 steps (58%) done
Removing temporary output file /hps/nobackup2/flicek/user/cander21/strandAsym/release/test/nongenic/bs3/93244_N3.3.bed.
Removing temporary output file /hps/nobackup2/flicek/user/cander21/strandAsym/release/test/nongenic/bs3/93244_N3.rfd.W.tnt_count.
Removing temporary output file /hps/nobackup2/flicek/user/cander21/strandAsym/release/test/nongenic/bs3/93244_N3.rfd.C.tnt_count.
Removing temporary output file /hps/nobackup2/flicek/user/cander21/strandAsym/release/test/nongenic/bs3/93244_N3.rfd.3.C.mut.
Removing temporary output file /hps/nobackup2/flicek/user/cander21/strandAsym/release/test/nongenic/bs3/93244_N3.rfd.3.W.mut.
[Mon May  2 18:20:00 2022]
Finished job 11.
8 of 12 steps (67%) done
Shutting down, this might take some time.
Exiting because a job execution failed. Look above for error message
Complete log: /hps/nobackup2/flicek/user/cander21/strandAsym/release/.snakemake/log/2022-05-02T180944.999176.snakemake.log
