Building DAG of jobs...
Using shell: /usr/local/bin/bash
Provided cluster nodes: 20
Job stats:
job                      count    min threads    max threads
---------------------  -------  -------------  -------------
all                          1              1              1
make_wac                     3              1              1
pt1_RFD_window_sorter        3              1              1
pt2_tnt_counter              6              1              1
pt3_mut_count_BS          3120              1              1
pt3_mut_count_obs            6              1              1
subset_beds                  6              1              1
total                     3145              1              1

Select jobs to execute...

[Fri Apr 29 13:03:37 2022]
rule make_wac:
    input: /hps/nobackup2/flicek/user/lceCORE/nodules/89985_N3.fnodDrcrMa, /hps/nobackup2/flicek/user/lceCORE/nodules/89985_N4.fnodDrcrMa, /hps/nobackup2/flicek/user/lceCORE/nodules/89986_N1.fnodDrcrMa
    output: /hps/nobackup2/flicek/user/cander21/strandAsym/release/test2/wac/89985_N3.wac.bed
    jobid: 1
    reason: Missing output files: /hps/nobackup2/flicek/user/cander21/strandAsym/release/test2/wac/89985_N3.wac.bed
    wildcards: pth=/hps/nobackup2/flicek/user/cander21/strandAsym/release, dir=test2, nod=89985_N3
    resources: tmpdir=/tmp

awk -F"," '{print $3"\t"$6"\t"$7"\t"$15}' /hps/nobackup2/flicek/user/lceCORE/nodules/89985_N3.fnodDrcrMa /hps/nobackup2/flicek/user/lceCORE/nodules/89985_N4.fnodDrcrMa /hps/nobackup2/flicek/user/lceCORE/nodules/89986_N1.fnodDrcrMa | sed '/^$/d' | awk '{if ($4 >= 0.33) {print $1"\t"$2"\t"$3"\tW"} else if ($4 <= -0.33) print $1"\t"$2"\t"$3"\tC"}' | sort -k1,1V -k2,2g | grep -v chr > /hps/nobackup2/flicek/user/cander21/strandAsym/release/test2/wac/89985_N3.wac.bed
Error submitting jobscript (exit code 255):


[Fri Apr 29 13:03:37 2022]
rule pt1_RFD_window_sorter:
    output: /hps/nobackup2/flicek/user/cander21/strandAsym/release/test2/sample_specific_rfd_windows/89985_N3.input.anno.bed
    jobid: 4
    reason: Missing output files: /hps/nobackup2/flicek/user/cander21/strandAsym/release/test2/sample_specific_rfd_windows/89985_N3.input.anno.bed
    wildcards: pth=/hps/nobackup2/flicek/user/cander21/strandAsym/release, dir=test2, nod=89985_N3
    resources: tmpdir=/tmp

/hps/nobackup2/flicek/user/cander21/strandAsym/release/bin/pt1_RFD_window_sorter.sh /hps/nobackup2/flicek/user/cander21/strandAsym/release test2 /hps/nobackup2/flicek/user/cander21/strandAsym/repOri/rfd/c3h.consensus_OK-seq.1kb.bed 89985_N3 /hps/nobackup2/flicek/user/cander21/strandAsym/newrfd_filtered_variants
Error submitting jobscript (exit code 255):


[Fri Apr 29 13:03:37 2022]
rule pt1_RFD_window_sorter:
    output: /hps/nobackup2/flicek/user/cander21/strandAsym/release/test2/sample_specific_rfd_windows/89986_N1.input.anno.bed
    jobid: 6
    reason: Missing output files: /hps/nobackup2/flicek/user/cander21/strandAsym/release/test2/sample_specific_rfd_windows/89986_N1.input.anno.bed
    wildcards: pth=/hps/nobackup2/flicek/user/cander21/strandAsym/release, dir=test2, nod=89986_N1
    resources: tmpdir=/tmp

/hps/nobackup2/flicek/user/cander21/strandAsym/release/bin/pt1_RFD_window_sorter.sh /hps/nobackup2/flicek/user/cander21/strandAsym/release test2 /hps/nobackup2/flicek/user/cander21/strandAsym/repOri/rfd/c3h.consensus_OK-seq.1kb.bed 89986_N1 /hps/nobackup2/flicek/user/cander21/strandAsym/newrfd_filtered_variants
Error submitting jobscript (exit code 255):


[Fri Apr 29 13:03:37 2022]
rule make_wac:
    input: /hps/nobackup2/flicek/user/lceCORE/nodules/89985_N3.fnodDrcrMa, /hps/nobackup2/flicek/user/lceCORE/nodules/89985_N4.fnodDrcrMa, /hps/nobackup2/flicek/user/lceCORE/nodules/89986_N1.fnodDrcrMa
    output: /hps/nobackup2/flicek/user/cander21/strandAsym/release/test2/wac/89985_N4.wac.bed
    jobid: 2
    reason: Missing output files: /hps/nobackup2/flicek/user/cander21/strandAsym/release/test2/wac/89985_N4.wac.bed
    wildcards: pth=/hps/nobackup2/flicek/user/cander21/strandAsym/release, dir=test2, nod=89985_N4
    resources: tmpdir=/tmp

awk -F"," '{print $3"\t"$6"\t"$7"\t"$15}' /hps/nobackup2/flicek/user/lceCORE/nodules/89985_N3.fnodDrcrMa /hps/nobackup2/flicek/user/lceCORE/nodules/89985_N4.fnodDrcrMa /hps/nobackup2/flicek/user/lceCORE/nodules/89986_N1.fnodDrcrMa | sed '/^$/d' | awk '{if ($4 >= 0.33) {print $1"\t"$2"\t"$3"\tW"} else if ($4 <= -0.33) print $1"\t"$2"\t"$3"\tC"}' | sort -k1,1V -k2,2g | grep -v chr > /hps/nobackup2/flicek/user/cander21/strandAsym/release/test2/wac/89985_N4.wac.bed
Error submitting jobscript (exit code 255):


[Fri Apr 29 13:03:37 2022]
rule make_wac:
    input: /hps/nobackup2/flicek/user/lceCORE/nodules/89985_N3.fnodDrcrMa, /hps/nobackup2/flicek/user/lceCORE/nodules/89985_N4.fnodDrcrMa, /hps/nobackup2/flicek/user/lceCORE/nodules/89986_N1.fnodDrcrMa
    output: /hps/nobackup2/flicek/user/cander21/strandAsym/release/test2/wac/89986_N1.wac.bed
    jobid: 3
    reason: Missing output files: /hps/nobackup2/flicek/user/cander21/strandAsym/release/test2/wac/89986_N1.wac.bed
    wildcards: pth=/hps/nobackup2/flicek/user/cander21/strandAsym/release, dir=test2, nod=89986_N1
    resources: tmpdir=/tmp

awk -F"," '{print $3"\t"$6"\t"$7"\t"$15}' /hps/nobackup2/flicek/user/lceCORE/nodules/89985_N3.fnodDrcrMa /hps/nobackup2/flicek/user/lceCORE/nodules/89985_N4.fnodDrcrMa /hps/nobackup2/flicek/user/lceCORE/nodules/89986_N1.fnodDrcrMa | sed '/^$/d' | awk '{if ($4 >= 0.33) {print $1"\t"$2"\t"$3"\tW"} else if ($4 <= -0.33) print $1"\t"$2"\t"$3"\tC"}' | sort -k1,1V -k2,2g | grep -v chr > /hps/nobackup2/flicek/user/cander21/strandAsym/release/test2/wac/89986_N1.wac.bed
Error submitting jobscript (exit code 255):


[Fri Apr 29 13:03:37 2022]
rule pt1_RFD_window_sorter:
    output: /hps/nobackup2/flicek/user/cander21/strandAsym/release/test2/sample_specific_rfd_windows/89985_N4.input.anno.bed
    jobid: 5
    reason: Missing output files: /hps/nobackup2/flicek/user/cander21/strandAsym/release/test2/sample_specific_rfd_windows/89985_N4.input.anno.bed
    wildcards: pth=/hps/nobackup2/flicek/user/cander21/strandAsym/release, dir=test2, nod=89985_N4
    resources: tmpdir=/tmp

/hps/nobackup2/flicek/user/cander21/strandAsym/release/bin/pt1_RFD_window_sorter.sh /hps/nobackup2/flicek/user/cander21/strandAsym/release test2 /hps/nobackup2/flicek/user/cander21/strandAsym/repOri/rfd/c3h.consensus_OK-seq.1kb.bed 89985_N4 /hps/nobackup2/flicek/user/cander21/strandAsym/newrfd_filtered_variants
Error submitting jobscript (exit code 255):

Shutting down, this might take some time.
Exiting because a job execution failed. Look above for error message
Complete log: /hps/nobackup2/flicek/user/cander21/strandAsym/release/.snakemake/log/2022-04-29T130242.524433.snakemake.log
