Building DAG of jobs...
Using shell: /usr/local/bin/bash
Provided cluster nodes: 20
Job stats:
job                      count    min threads    max threads
---------------------  -------  -------------  -------------
all                          1              1              1
make_wac                     3              1              1
pt1_RFD_window_sorter        3              1              1
pt2_tnt_counter              6              1              1
pt3_mut_count_obs            6              1              1
subset_beds                  6              1              1
total                       25              1              1

Select jobs to execute...

[Fri Apr 29 13:33:15 2022]
rule make_wac:
    input: /hps/nobackup2/flicek/user/lceCORE/nodules/89985_N3.fnodDrcrMa, /hps/nobackup2/flicek/user/lceCORE/nodules/89985_N4.fnodDrcrMa, /hps/nobackup2/flicek/user/lceCORE/nodules/89986_N1.fnodDrcrMa
    output: /hps/nobackup2/flicek/user/cander21/strandAsym/release/test2/wac/89985_N3.wac.bed
    jobid: 1
    reason: Missing output files: /hps/nobackup2/flicek/user/cander21/strandAsym/release/test2/wac/89985_N3.wac.bed
    wildcards: pth=/hps/nobackup2/flicek/user/cander21/strandAsym/release, dir=test2, nod=89985_N3
    resources: tmpdir=/tmp

awk -F"," '{print $3"\t"$6"\t"$7"\t"$15}' /hps/nobackup2/flicek/user/lceCORE/nodules/89985_N3.fnodDrcrMa /hps/nobackup2/flicek/user/lceCORE/nodules/89985_N4.fnodDrcrMa /hps/nobackup2/flicek/user/lceCORE/nodules/89986_N1.fnodDrcrMa | sed '/^$/d' | awk '{if ($4 >= 0.33) {print $1"\t"$2"\t"$3"\tW"} else if ($4 <= -0.33) print $1"\t"$2"\t"$3"\tC"}' | sort -k1,1V -k2,2g | grep -v chr > /hps/nobackup2/flicek/user/cander21/strandAsym/release/test2/wac/89985_N3.wac.bed
Submitted job 1 with external jobid 'Job <6285451> is submitted to default queue <standard>.'.

[Fri Apr 29 13:33:15 2022]
rule pt1_RFD_window_sorter:
    output: /hps/nobackup2/flicek/user/cander21/strandAsym/release/test2/sample_specific_rfd_windows/89985_N3.input.anno.bed
    jobid: 4
    reason: Missing output files: /hps/nobackup2/flicek/user/cander21/strandAsym/release/test2/sample_specific_rfd_windows/89985_N3.input.anno.bed
    wildcards: pth=/hps/nobackup2/flicek/user/cander21/strandAsym/release, dir=test2, nod=89985_N3
    resources: tmpdir=/tmp

/hps/nobackup2/flicek/user/cander21/strandAsym/release/bin/pt1_RFD_window_sorter.sh /hps/nobackup2/flicek/user/cander21/strandAsym/release test2 /hps/nobackup2/flicek/user/cander21/strandAsym/repOri/rfd/c3h.consensus_OK-seq.1kb.bed 89985_N3 /hps/nobackup2/flicek/user/cander21/strandAsym/newrfd_filtered_variants
Submitted job 4 with external jobid 'Job <6285452> is submitted to default queue <standard>.'.

[Fri Apr 29 13:33:15 2022]
rule pt1_RFD_window_sorter:
    output: /hps/nobackup2/flicek/user/cander21/strandAsym/release/test2/sample_specific_rfd_windows/89986_N1.input.anno.bed
    jobid: 6
    reason: Missing output files: /hps/nobackup2/flicek/user/cander21/strandAsym/release/test2/sample_specific_rfd_windows/89986_N1.input.anno.bed
    wildcards: pth=/hps/nobackup2/flicek/user/cander21/strandAsym/release, dir=test2, nod=89986_N1
    resources: tmpdir=/tmp

/hps/nobackup2/flicek/user/cander21/strandAsym/release/bin/pt1_RFD_window_sorter.sh /hps/nobackup2/flicek/user/cander21/strandAsym/release test2 /hps/nobackup2/flicek/user/cander21/strandAsym/repOri/rfd/c3h.consensus_OK-seq.1kb.bed 89986_N1 /hps/nobackup2/flicek/user/cander21/strandAsym/newrfd_filtered_variants
Submitted job 6 with external jobid 'Job <6285453> is submitted to default queue <standard>.'.

[Fri Apr 29 13:33:15 2022]
rule make_wac:
    input: /hps/nobackup2/flicek/user/lceCORE/nodules/89985_N3.fnodDrcrMa, /hps/nobackup2/flicek/user/lceCORE/nodules/89985_N4.fnodDrcrMa, /hps/nobackup2/flicek/user/lceCORE/nodules/89986_N1.fnodDrcrMa
    output: /hps/nobackup2/flicek/user/cander21/strandAsym/release/test2/wac/89985_N4.wac.bed
    jobid: 2
    reason: Missing output files: /hps/nobackup2/flicek/user/cander21/strandAsym/release/test2/wac/89985_N4.wac.bed
    wildcards: pth=/hps/nobackup2/flicek/user/cander21/strandAsym/release, dir=test2, nod=89985_N4
    resources: tmpdir=/tmp

awk -F"," '{print $3"\t"$6"\t"$7"\t"$15}' /hps/nobackup2/flicek/user/lceCORE/nodules/89985_N3.fnodDrcrMa /hps/nobackup2/flicek/user/lceCORE/nodules/89985_N4.fnodDrcrMa /hps/nobackup2/flicek/user/lceCORE/nodules/89986_N1.fnodDrcrMa | sed '/^$/d' | awk '{if ($4 >= 0.33) {print $1"\t"$2"\t"$3"\tW"} else if ($4 <= -0.33) print $1"\t"$2"\t"$3"\tC"}' | sort -k1,1V -k2,2g | grep -v chr > /hps/nobackup2/flicek/user/cander21/strandAsym/release/test2/wac/89985_N4.wac.bed
Submitted job 2 with external jobid 'Job <6285454> is submitted to default queue <standard>.'.

[Fri Apr 29 13:33:15 2022]
rule make_wac:
    input: /hps/nobackup2/flicek/user/lceCORE/nodules/89985_N3.fnodDrcrMa, /hps/nobackup2/flicek/user/lceCORE/nodules/89985_N4.fnodDrcrMa, /hps/nobackup2/flicek/user/lceCORE/nodules/89986_N1.fnodDrcrMa
    output: /hps/nobackup2/flicek/user/cander21/strandAsym/release/test2/wac/89986_N1.wac.bed
    jobid: 3
    reason: Missing output files: /hps/nobackup2/flicek/user/cander21/strandAsym/release/test2/wac/89986_N1.wac.bed
    wildcards: pth=/hps/nobackup2/flicek/user/cander21/strandAsym/release, dir=test2, nod=89986_N1
    resources: tmpdir=/tmp

awk -F"," '{print $3"\t"$6"\t"$7"\t"$15}' /hps/nobackup2/flicek/user/lceCORE/nodules/89985_N3.fnodDrcrMa /hps/nobackup2/flicek/user/lceCORE/nodules/89985_N4.fnodDrcrMa /hps/nobackup2/flicek/user/lceCORE/nodules/89986_N1.fnodDrcrMa | sed '/^$/d' | awk '{if ($4 >= 0.33) {print $1"\t"$2"\t"$3"\tW"} else if ($4 <= -0.33) print $1"\t"$2"\t"$3"\tC"}' | sort -k1,1V -k2,2g | grep -v chr > /hps/nobackup2/flicek/user/cander21/strandAsym/release/test2/wac/89986_N1.wac.bed
Submitted job 3 with external jobid 'Job <6285455> is submitted to default queue <standard>.'.

[Fri Apr 29 13:33:15 2022]
rule pt1_RFD_window_sorter:
    output: /hps/nobackup2/flicek/user/cander21/strandAsym/release/test2/sample_specific_rfd_windows/89985_N4.input.anno.bed
    jobid: 5
    reason: Missing output files: /hps/nobackup2/flicek/user/cander21/strandAsym/release/test2/sample_specific_rfd_windows/89985_N4.input.anno.bed
    wildcards: pth=/hps/nobackup2/flicek/user/cander21/strandAsym/release, dir=test2, nod=89985_N4
    resources: tmpdir=/tmp

/hps/nobackup2/flicek/user/cander21/strandAsym/release/bin/pt1_RFD_window_sorter.sh /hps/nobackup2/flicek/user/cander21/strandAsym/release test2 /hps/nobackup2/flicek/user/cander21/strandAsym/repOri/rfd/c3h.consensus_OK-seq.1kb.bed 89985_N4 /hps/nobackup2/flicek/user/cander21/strandAsym/newrfd_filtered_variants
Submitted job 5 with external jobid 'Job <6285456> is submitted to default queue <standard>.'.
[Fri Apr 29 13:33:23 2022]
Finished job 1.
1 of 25 steps (4%) done
[Fri Apr 29 13:33:23 2022]
Finished job 2.
2 of 25 steps (8%) done
[Fri Apr 29 13:33:23 2022]
Finished job 3.
3 of 25 steps (12%) done
[Fri Apr 29 13:33:33 2022]
Finished job 4.
4 of 25 steps (16%) done
Select jobs to execute...

[Fri Apr 29 13:33:34 2022]
rule subset_beds:
    input: /hps/nobackup2/flicek/user/cander21/strandAsym/release/test2/sample_specific_rfd_windows/89985_N3.input.anno.bed
    output: /hps/nobackup2/flicek/user/cander21/strandAsym/release/test2/sample_specific_rfd_windows/89985_N3.input.anno.genic.bed
    jobid: 7
    reason: Missing output files: /hps/nobackup2/flicek/user/cander21/strandAsym/release/test2/sample_specific_rfd_windows/89985_N3.input.anno.genic.bed; Input files updated by another job: /hps/nobackup2/flicek/user/cander21/strandAsym/release/test2/sample_specific_rfd_windows/89985_N3.input.anno.bed
    wildcards: pth=/hps/nobackup2/flicek/user/cander21/strandAsym/release, dir=test2, nod=89985_N3, reg=genic
    resources: tmpdir=/tmp

 bedtools subtract -a /hps/nobackup2/flicek/user/cander21/strandAsym/release/test2/sample_specific_rfd_windows/89985_N3.input.anno.bed -b /hps/nobackup2/flicek/user/cander21/strandAsym/filtered_variants2/expression/rfd_1kb.expression.no_overlap.bed > /hps/nobackup2/flicek/user/cander21/strandAsym/release/test2/sample_specific_rfd_windows/89985_N3.input.anno.genic.bed 
Submitted job 7 with external jobid 'Job <6285457> is submitted to default queue <standard>.'.

[Fri Apr 29 13:33:34 2022]
rule subset_beds:
    input: /hps/nobackup2/flicek/user/cander21/strandAsym/release/test2/sample_specific_rfd_windows/89985_N3.input.anno.bed
    output: /hps/nobackup2/flicek/user/cander21/strandAsym/release/test2/sample_specific_rfd_windows/89985_N3.input.anno.nongenic.bed
    jobid: 10
    reason: Missing output files: /hps/nobackup2/flicek/user/cander21/strandAsym/release/test2/sample_specific_rfd_windows/89985_N3.input.anno.nongenic.bed; Input files updated by another job: /hps/nobackup2/flicek/user/cander21/strandAsym/release/test2/sample_specific_rfd_windows/89985_N3.input.anno.bed
    wildcards: pth=/hps/nobackup2/flicek/user/cander21/strandAsym/release, dir=test2, nod=89985_N3, reg=nongenic
    resources: tmpdir=/tmp

 bedtools subtract -a /hps/nobackup2/flicek/user/cander21/strandAsym/release/test2/sample_specific_rfd_windows/89985_N3.input.anno.bed -b /hps/nobackup2/flicek/user/cander21/strandAsym/filtered_variants2/expression/rfd_1kb.expression.no_overlap.bed > /hps/nobackup2/flicek/user/cander21/strandAsym/release/test2/sample_specific_rfd_windows/89985_N3.input.anno.nongenic.bed 
Submitted job 10 with external jobid 'Job <6285458> is submitted to default queue <standard>.'.
[Fri Apr 29 13:33:34 2022]
Finished job 6.
5 of 25 steps (20%) done
[Fri Apr 29 13:33:34 2022]
Finished job 5.
6 of 25 steps (24%) done
Select jobs to execute...

[Fri Apr 29 13:33:34 2022]
rule subset_beds:
    input: /hps/nobackup2/flicek/user/cander21/strandAsym/release/test2/sample_specific_rfd_windows/89985_N4.input.anno.bed
    output: /hps/nobackup2/flicek/user/cander21/strandAsym/release/test2/sample_specific_rfd_windows/89985_N4.input.anno.genic.bed
    jobid: 8
    reason: Missing output files: /hps/nobackup2/flicek/user/cander21/strandAsym/release/test2/sample_specific_rfd_windows/89985_N4.input.anno.genic.bed; Input files updated by another job: /hps/nobackup2/flicek/user/cander21/strandAsym/release/test2/sample_specific_rfd_windows/89985_N4.input.anno.bed
    wildcards: pth=/hps/nobackup2/flicek/user/cander21/strandAsym/release, dir=test2, nod=89985_N4, reg=genic
    resources: tmpdir=/tmp

 bedtools subtract -a /hps/nobackup2/flicek/user/cander21/strandAsym/release/test2/sample_specific_rfd_windows/89985_N4.input.anno.bed -b /hps/nobackup2/flicek/user/cander21/strandAsym/filtered_variants2/expression/rfd_1kb.expression.no_overlap.bed > /hps/nobackup2/flicek/user/cander21/strandAsym/release/test2/sample_specific_rfd_windows/89985_N4.input.anno.genic.bed 
Submitted job 8 with external jobid 'Job <6285459> is submitted to default queue <standard>.'.

[Fri Apr 29 13:33:34 2022]
rule subset_beds:
    input: /hps/nobackup2/flicek/user/cander21/strandAsym/release/test2/sample_specific_rfd_windows/89986_N1.input.anno.bed
    output: /hps/nobackup2/flicek/user/cander21/strandAsym/release/test2/sample_specific_rfd_windows/89986_N1.input.anno.genic.bed
    jobid: 9
    reason: Missing output files: /hps/nobackup2/flicek/user/cander21/strandAsym/release/test2/sample_specific_rfd_windows/89986_N1.input.anno.genic.bed; Input files updated by another job: /hps/nobackup2/flicek/user/cander21/strandAsym/release/test2/sample_specific_rfd_windows/89986_N1.input.anno.bed
    wildcards: pth=/hps/nobackup2/flicek/user/cander21/strandAsym/release, dir=test2, nod=89986_N1, reg=genic
    resources: tmpdir=/tmp

 bedtools subtract -a /hps/nobackup2/flicek/user/cander21/strandAsym/release/test2/sample_specific_rfd_windows/89986_N1.input.anno.bed -b /hps/nobackup2/flicek/user/cander21/strandAsym/filtered_variants2/expression/rfd_1kb.expression.no_overlap.bed > /hps/nobackup2/flicek/user/cander21/strandAsym/release/test2/sample_specific_rfd_windows/89986_N1.input.anno.genic.bed 
Submitted job 9 with external jobid 'Job <6285460> is submitted to default queue <standard>.'.

[Fri Apr 29 13:33:34 2022]
rule subset_beds:
    input: /hps/nobackup2/flicek/user/cander21/strandAsym/release/test2/sample_specific_rfd_windows/89985_N4.input.anno.bed
    output: /hps/nobackup2/flicek/user/cander21/strandAsym/release/test2/sample_specific_rfd_windows/89985_N4.input.anno.nongenic.bed
    jobid: 11
    reason: Missing output files: /hps/nobackup2/flicek/user/cander21/strandAsym/release/test2/sample_specific_rfd_windows/89985_N4.input.anno.nongenic.bed; Input files updated by another job: /hps/nobackup2/flicek/user/cander21/strandAsym/release/test2/sample_specific_rfd_windows/89985_N4.input.anno.bed
    wildcards: pth=/hps/nobackup2/flicek/user/cander21/strandAsym/release, dir=test2, nod=89985_N4, reg=nongenic
    resources: tmpdir=/tmp

 bedtools subtract -a /hps/nobackup2/flicek/user/cander21/strandAsym/release/test2/sample_specific_rfd_windows/89985_N4.input.anno.bed -b /hps/nobackup2/flicek/user/cander21/strandAsym/filtered_variants2/expression/rfd_1kb.expression.no_overlap.bed > /hps/nobackup2/flicek/user/cander21/strandAsym/release/test2/sample_specific_rfd_windows/89985_N4.input.anno.nongenic.bed 
Submitted job 11 with external jobid 'Job <6285461> is submitted to default queue <standard>.'.

[Fri Apr 29 13:33:34 2022]
rule subset_beds:
    input: /hps/nobackup2/flicek/user/cander21/strandAsym/release/test2/sample_specific_rfd_windows/89986_N1.input.anno.bed
    output: /hps/nobackup2/flicek/user/cander21/strandAsym/release/test2/sample_specific_rfd_windows/89986_N1.input.anno.nongenic.bed
    jobid: 12
    reason: Missing output files: /hps/nobackup2/flicek/user/cander21/strandAsym/release/test2/sample_specific_rfd_windows/89986_N1.input.anno.nongenic.bed; Input files updated by another job: /hps/nobackup2/flicek/user/cander21/strandAsym/release/test2/sample_specific_rfd_windows/89986_N1.input.anno.bed
    wildcards: pth=/hps/nobackup2/flicek/user/cander21/strandAsym/release, dir=test2, nod=89986_N1, reg=nongenic
    resources: tmpdir=/tmp

 bedtools subtract -a /hps/nobackup2/flicek/user/cander21/strandAsym/release/test2/sample_specific_rfd_windows/89986_N1.input.anno.bed -b /hps/nobackup2/flicek/user/cander21/strandAsym/filtered_variants2/expression/rfd_1kb.expression.no_overlap.bed > /hps/nobackup2/flicek/user/cander21/strandAsym/release/test2/sample_specific_rfd_windows/89986_N1.input.anno.nongenic.bed 
Submitted job 12 with external jobid 'Job <6285462> is submitted to default queue <standard>.'.
[Fri Apr 29 13:33:44 2022]
Finished job 7.
7 of 25 steps (28%) done
Select jobs to execute...

[Fri Apr 29 13:33:44 2022]
rule pt2_tnt_counter:
    input: /hps/nobackup2/flicek/user/cander21/strandAsym/release/test2/sample_specific_rfd_windows/89985_N3.input.anno.genic.bed
    output: /hps/nobackup2/flicek/user/cander21/strandAsym/release/test2/genic/89985_N3.rfd.COM.tnt_count
    jobid: 13
    reason: Missing output files: /hps/nobackup2/flicek/user/cander21/strandAsym/release/test2/genic/89985_N3.rfd.COM.tnt_count; Input files updated by another job: /hps/nobackup2/flicek/user/cander21/strandAsym/release/test2/sample_specific_rfd_windows/89985_N3.input.anno.genic.bed
    wildcards: pth=/hps/nobackup2/flicek/user/cander21/strandAsym/release, dir=test2, reg=genic, nod=89985_N3, com=.COM
    resources: tmpdir=/tmp

 while read line ; do bits=($line) ; /hps/nobackup2/flicek/user/cander21/strandAsym/release/bin/pt2_tnt_counter.sh ${bits[0]} ${bits[1]} ${bits[2]} 1 genic 89985_N3 /hps/nobackup2/flicek/user/cander21/strandAsym/release/bin /hps/nobackup2/flicek/user/lceCORE/genomes/c3h.arcMask.fa ; done < /hps/nobackup2/flicek/user/cander21/strandAsym/release/test_rfd.txt 
Submitted job 13 with external jobid 'Job <6285463> is submitted to default queue <standard>.'.
[Fri Apr 29 13:33:44 2022]
Finished job 10.
8 of 25 steps (32%) done
[Fri Apr 29 13:33:44 2022]
Finished job 8.
9 of 25 steps (36%) done
[Fri Apr 29 13:33:44 2022]
Finished job 9.
10 of 25 steps (40%) done
[Fri Apr 29 13:33:44 2022]
Finished job 11.
11 of 25 steps (44%) done
[Fri Apr 29 13:33:44 2022]
Finished job 12.
12 of 25 steps (48%) done
Select jobs to execute...

[Fri Apr 29 13:33:44 2022]
rule pt2_tnt_counter:
    input: /hps/nobackup2/flicek/user/cander21/strandAsym/release/test2/sample_specific_rfd_windows/89985_N4.input.anno.genic.bed
    output: /hps/nobackup2/flicek/user/cander21/strandAsym/release/test2/genic/89985_N4.rfd.COM.tnt_count
    jobid: 15
    reason: Missing output files: /hps/nobackup2/flicek/user/cander21/strandAsym/release/test2/genic/89985_N4.rfd.COM.tnt_count; Input files updated by another job: /hps/nobackup2/flicek/user/cander21/strandAsym/release/test2/sample_specific_rfd_windows/89985_N4.input.anno.genic.bed
    wildcards: pth=/hps/nobackup2/flicek/user/cander21/strandAsym/release, dir=test2, reg=genic, nod=89985_N4, com=.COM
    resources: tmpdir=/tmp

 while read line ; do bits=($line) ; /hps/nobackup2/flicek/user/cander21/strandAsym/release/bin/pt2_tnt_counter.sh ${bits[0]} ${bits[1]} ${bits[2]} 1 genic 89985_N4 /hps/nobackup2/flicek/user/cander21/strandAsym/release/bin /hps/nobackup2/flicek/user/lceCORE/genomes/c3h.arcMask.fa ; done < /hps/nobackup2/flicek/user/cander21/strandAsym/release/test_rfd.txt 
Submitted job 15 with external jobid 'Job <6285464> is submitted to default queue <standard>.'.

[Fri Apr 29 13:33:44 2022]
rule pt2_tnt_counter:
    input: /hps/nobackup2/flicek/user/cander21/strandAsym/release/test2/sample_specific_rfd_windows/89986_N1.input.anno.genic.bed
    output: /hps/nobackup2/flicek/user/cander21/strandAsym/release/test2/genic/89986_N1.rfd.COM.tnt_count
    jobid: 17
    reason: Missing output files: /hps/nobackup2/flicek/user/cander21/strandAsym/release/test2/genic/89986_N1.rfd.COM.tnt_count; Input files updated by another job: /hps/nobackup2/flicek/user/cander21/strandAsym/release/test2/sample_specific_rfd_windows/89986_N1.input.anno.genic.bed
    wildcards: pth=/hps/nobackup2/flicek/user/cander21/strandAsym/release, dir=test2, reg=genic, nod=89986_N1, com=.COM
    resources: tmpdir=/tmp

 while read line ; do bits=($line) ; /hps/nobackup2/flicek/user/cander21/strandAsym/release/bin/pt2_tnt_counter.sh ${bits[0]} ${bits[1]} ${bits[2]} 1 genic 89986_N1 /hps/nobackup2/flicek/user/cander21/strandAsym/release/bin /hps/nobackup2/flicek/user/lceCORE/genomes/c3h.arcMask.fa ; done < /hps/nobackup2/flicek/user/cander21/strandAsym/release/test_rfd.txt 
Submitted job 17 with external jobid 'Job <6285465> is submitted to default queue <standard>.'.

[Fri Apr 29 13:33:44 2022]
rule pt2_tnt_counter:
    input: /hps/nobackup2/flicek/user/cander21/strandAsym/release/test2/sample_specific_rfd_windows/89985_N3.input.anno.nongenic.bed
    output: /hps/nobackup2/flicek/user/cander21/strandAsym/release/test2/nongenic/89985_N3.rfd.COM.tnt_count
    jobid: 14
    reason: Missing output files: /hps/nobackup2/flicek/user/cander21/strandAsym/release/test2/nongenic/89985_N3.rfd.COM.tnt_count; Input files updated by another job: /hps/nobackup2/flicek/user/cander21/strandAsym/release/test2/sample_specific_rfd_windows/89985_N3.input.anno.nongenic.bed
    wildcards: pth=/hps/nobackup2/flicek/user/cander21/strandAsym/release, dir=test2, reg=nongenic, nod=89985_N3, com=.COM
    resources: tmpdir=/tmp

 while read line ; do bits=($line) ; /hps/nobackup2/flicek/user/cander21/strandAsym/release/bin/pt2_tnt_counter.sh ${bits[0]} ${bits[1]} ${bits[2]} 1 nongenic 89985_N3 /hps/nobackup2/flicek/user/cander21/strandAsym/release/bin /hps/nobackup2/flicek/user/lceCORE/genomes/c3h.arcMask.fa ; done < /hps/nobackup2/flicek/user/cander21/strandAsym/release/test_rfd.txt 
Submitted job 14 with external jobid 'Job <6285466> is submitted to default queue <standard>.'.

[Fri Apr 29 13:33:44 2022]
rule pt2_tnt_counter:
    input: /hps/nobackup2/flicek/user/cander21/strandAsym/release/test2/sample_specific_rfd_windows/89985_N4.input.anno.nongenic.bed
    output: /hps/nobackup2/flicek/user/cander21/strandAsym/release/test2/nongenic/89985_N4.rfd.COM.tnt_count
    jobid: 16
    reason: Missing output files: /hps/nobackup2/flicek/user/cander21/strandAsym/release/test2/nongenic/89985_N4.rfd.COM.tnt_count; Input files updated by another job: /hps/nobackup2/flicek/user/cander21/strandAsym/release/test2/sample_specific_rfd_windows/89985_N4.input.anno.nongenic.bed
    wildcards: pth=/hps/nobackup2/flicek/user/cander21/strandAsym/release, dir=test2, reg=nongenic, nod=89985_N4, com=.COM
    resources: tmpdir=/tmp

 while read line ; do bits=($line) ; /hps/nobackup2/flicek/user/cander21/strandAsym/release/bin/pt2_tnt_counter.sh ${bits[0]} ${bits[1]} ${bits[2]} 1 nongenic 89985_N4 /hps/nobackup2/flicek/user/cander21/strandAsym/release/bin /hps/nobackup2/flicek/user/lceCORE/genomes/c3h.arcMask.fa ; done < /hps/nobackup2/flicek/user/cander21/strandAsym/release/test_rfd.txt 
Submitted job 16 with external jobid 'Job <6285467> is submitted to default queue <standard>.'.

[Fri Apr 29 13:33:44 2022]
rule pt2_tnt_counter:
    input: /hps/nobackup2/flicek/user/cander21/strandAsym/release/test2/sample_specific_rfd_windows/89986_N1.input.anno.nongenic.bed
    output: /hps/nobackup2/flicek/user/cander21/strandAsym/release/test2/nongenic/89986_N1.rfd.COM.tnt_count
    jobid: 18
    reason: Missing output files: /hps/nobackup2/flicek/user/cander21/strandAsym/release/test2/nongenic/89986_N1.rfd.COM.tnt_count; Input files updated by another job: /hps/nobackup2/flicek/user/cander21/strandAsym/release/test2/sample_specific_rfd_windows/89986_N1.input.anno.nongenic.bed
    wildcards: pth=/hps/nobackup2/flicek/user/cander21/strandAsym/release, dir=test2, reg=nongenic, nod=89986_N1, com=.COM
    resources: tmpdir=/tmp

 while read line ; do bits=($line) ; /hps/nobackup2/flicek/user/cander21/strandAsym/release/bin/pt2_tnt_counter.sh ${bits[0]} ${bits[1]} ${bits[2]} 1 nongenic 89986_N1 /hps/nobackup2/flicek/user/cander21/strandAsym/release/bin /hps/nobackup2/flicek/user/lceCORE/genomes/c3h.arcMask.fa ; done < /hps/nobackup2/flicek/user/cander21/strandAsym/release/test_rfd.txt 
Submitted job 18 with external jobid 'Job <6285468> is submitted to default queue <standard>.'.
[Fri Apr 29 13:34:34 2022]
Finished job 14.
13 of 25 steps (52%) done
[Fri Apr 29 13:34:44 2022]
Finished job 13.
14 of 25 steps (56%) done
[Fri Apr 29 13:34:44 2022]
Finished job 15.
15 of 25 steps (60%) done
[Fri Apr 29 13:34:44 2022]
Finished job 17.
16 of 25 steps (64%) done
[Fri Apr 29 13:34:44 2022]
Finished job 16.
17 of 25 steps (68%) done
[Fri Apr 29 13:34:44 2022]
Finished job 18.
18 of 25 steps (72%) done
Select jobs to execute...

[Fri Apr 29 13:34:44 2022]
rule pt3_mut_count_obs:
    input: /hps/nobackup2/flicek/user/cander21/strandAsym/release/test2/genic/89985_N3.rfd.COM.tnt_count, /hps/nobackup2/flicek/user/cander21/strandAsym/release/test2/genic/89985_N4.rfd.COM.tnt_count, /hps/nobackup2/flicek/user/cander21/strandAsym/release/test2/genic/89986_N1.rfd.COM.tnt_count, /hps/nobackup2/flicek/user/cander21/strandAsym/release/test2/nongenic/89985_N3.rfd.COM.tnt_count, /hps/nobackup2/flicek/user/cander21/strandAsym/release/test2/nongenic/89985_N4.rfd.COM.tnt_count, /hps/nobackup2/flicek/user/cander21/strandAsym/release/test2/nongenic/89986_N1.rfd.COM.tnt_count
    output: /hps/nobackup2/flicek/user/cander21/strandAsym/release/test2/genic/bs0/bs0.89985_N3.mu, /hps/nobackup2/flicek/user/cander21/strandAsym/release/test2/genic/bs0/89985_N3.rfd.0.C.mut, /hps/nobackup2/flicek/user/cander21/strandAsym/release/test2/genic/bs0/89985_N3.rfd.0.W.mut
    jobid: 19
    reason: Missing output files: /hps/nobackup2/flicek/user/cander21/strandAsym/release/test2/genic/bs0/bs0.89985_N3.mu; Input files updated by another job: /hps/nobackup2/flicek/user/cander21/strandAsym/release/test2/genic/89985_N4.rfd.COM.tnt_count, /hps/nobackup2/flicek/user/cander21/strandAsym/release/test2/genic/89985_N3.rfd.COM.tnt_count, /hps/nobackup2/flicek/user/cander21/strandAsym/release/test2/nongenic/89986_N1.rfd.COM.tnt_count, /hps/nobackup2/flicek/user/cander21/strandAsym/release/test2/nongenic/89985_N3.rfd.COM.tnt_count, /hps/nobackup2/flicek/user/cander21/strandAsym/release/test2/nongenic/89985_N4.rfd.COM.tnt_count, /hps/nobackup2/flicek/user/cander21/strandAsym/release/test2/genic/89986_N1.rfd.COM.tnt_count
    wildcards: pth=/hps/nobackup2/flicek/user/cander21/strandAsym/release, dir=test2, reg=genic, nod=89985_N3
    resources: tmpdir=/tmp

while read line ; do bits=($line) ; /hps/nobackup2/flicek/user/cander21/strandAsym/release/bin/pt3_mut_count.sh ${bits[0]} ${bits[1]} ${bits[2]} 0 1 0 genic 89985_N3 /hps/nobackup2/flicek/user/cander21/strandAsym/release/bin /hps/nobackup2/flicek/user/cander21/strandAsym/release test2 /hps/nobackup2/flicek/user/lceCORE/genomes/c3h.arcMask.fa ; done < /hps/nobackup2/flicek/user/cander21/strandAsym/release/test_rfd.txt 
Submitted job 19 with external jobid 'Job <6285469> is submitted to default queue <standard>.'.

[Fri Apr 29 13:34:44 2022]
rule pt3_mut_count_obs:
    input: /hps/nobackup2/flicek/user/cander21/strandAsym/release/test2/genic/89985_N3.rfd.COM.tnt_count, /hps/nobackup2/flicek/user/cander21/strandAsym/release/test2/genic/89985_N4.rfd.COM.tnt_count, /hps/nobackup2/flicek/user/cander21/strandAsym/release/test2/genic/89986_N1.rfd.COM.tnt_count, /hps/nobackup2/flicek/user/cander21/strandAsym/release/test2/nongenic/89985_N3.rfd.COM.tnt_count, /hps/nobackup2/flicek/user/cander21/strandAsym/release/test2/nongenic/89985_N4.rfd.COM.tnt_count, /hps/nobackup2/flicek/user/cander21/strandAsym/release/test2/nongenic/89986_N1.rfd.COM.tnt_count
    output: /hps/nobackup2/flicek/user/cander21/strandAsym/release/test2/genic/bs0/bs0.89985_N4.mu, /hps/nobackup2/flicek/user/cander21/strandAsym/release/test2/genic/bs0/89985_N4.rfd.0.C.mut, /hps/nobackup2/flicek/user/cander21/strandAsym/release/test2/genic/bs0/89985_N4.rfd.0.W.mut
    jobid: 21
    reason: Missing output files: /hps/nobackup2/flicek/user/cander21/strandAsym/release/test2/genic/bs0/bs0.89985_N4.mu; Input files updated by another job: /hps/nobackup2/flicek/user/cander21/strandAsym/release/test2/genic/89985_N4.rfd.COM.tnt_count, /hps/nobackup2/flicek/user/cander21/strandAsym/release/test2/genic/89985_N3.rfd.COM.tnt_count, /hps/nobackup2/flicek/user/cander21/strandAsym/release/test2/nongenic/89986_N1.rfd.COM.tnt_count, /hps/nobackup2/flicek/user/cander21/strandAsym/release/test2/nongenic/89985_N3.rfd.COM.tnt_count, /hps/nobackup2/flicek/user/cander21/strandAsym/release/test2/nongenic/89985_N4.rfd.COM.tnt_count, /hps/nobackup2/flicek/user/cander21/strandAsym/release/test2/genic/89986_N1.rfd.COM.tnt_count
    wildcards: pth=/hps/nobackup2/flicek/user/cander21/strandAsym/release, dir=test2, reg=genic, nod=89985_N4
    resources: tmpdir=/tmp

while read line ; do bits=($line) ; /hps/nobackup2/flicek/user/cander21/strandAsym/release/bin/pt3_mut_count.sh ${bits[0]} ${bits[1]} ${bits[2]} 0 1 0 genic 89985_N4 /hps/nobackup2/flicek/user/cander21/strandAsym/release/bin /hps/nobackup2/flicek/user/cander21/strandAsym/release test2 /hps/nobackup2/flicek/user/lceCORE/genomes/c3h.arcMask.fa ; done < /hps/nobackup2/flicek/user/cander21/strandAsym/release/test_rfd.txt 
Submitted job 21 with external jobid 'Job <6285470> is submitted to default queue <standard>.'.

[Fri Apr 29 13:34:44 2022]
rule pt3_mut_count_obs:
    input: /hps/nobackup2/flicek/user/cander21/strandAsym/release/test2/genic/89985_N3.rfd.COM.tnt_count, /hps/nobackup2/flicek/user/cander21/strandAsym/release/test2/genic/89985_N4.rfd.COM.tnt_count, /hps/nobackup2/flicek/user/cander21/strandAsym/release/test2/genic/89986_N1.rfd.COM.tnt_count, /hps/nobackup2/flicek/user/cander21/strandAsym/release/test2/nongenic/89985_N3.rfd.COM.tnt_count, /hps/nobackup2/flicek/user/cander21/strandAsym/release/test2/nongenic/89985_N4.rfd.COM.tnt_count, /hps/nobackup2/flicek/user/cander21/strandAsym/release/test2/nongenic/89986_N1.rfd.COM.tnt_count
    output: /hps/nobackup2/flicek/user/cander21/strandAsym/release/test2/genic/bs0/bs0.89986_N1.mu, /hps/nobackup2/flicek/user/cander21/strandAsym/release/test2/genic/bs0/89986_N1.rfd.0.C.mut, /hps/nobackup2/flicek/user/cander21/strandAsym/release/test2/genic/bs0/89986_N1.rfd.0.W.mut
    jobid: 23
    reason: Missing output files: /hps/nobackup2/flicek/user/cander21/strandAsym/release/test2/genic/bs0/bs0.89986_N1.mu; Input files updated by another job: /hps/nobackup2/flicek/user/cander21/strandAsym/release/test2/genic/89985_N4.rfd.COM.tnt_count, /hps/nobackup2/flicek/user/cander21/strandAsym/release/test2/genic/89985_N3.rfd.COM.tnt_count, /hps/nobackup2/flicek/user/cander21/strandAsym/release/test2/nongenic/89986_N1.rfd.COM.tnt_count, /hps/nobackup2/flicek/user/cander21/strandAsym/release/test2/nongenic/89985_N3.rfd.COM.tnt_count, /hps/nobackup2/flicek/user/cander21/strandAsym/release/test2/nongenic/89985_N4.rfd.COM.tnt_count, /hps/nobackup2/flicek/user/cander21/strandAsym/release/test2/genic/89986_N1.rfd.COM.tnt_count
    wildcards: pth=/hps/nobackup2/flicek/user/cander21/strandAsym/release, dir=test2, reg=genic, nod=89986_N1
    resources: tmpdir=/tmp

while read line ; do bits=($line) ; /hps/nobackup2/flicek/user/cander21/strandAsym/release/bin/pt3_mut_count.sh ${bits[0]} ${bits[1]} ${bits[2]} 0 1 0 genic 89986_N1 /hps/nobackup2/flicek/user/cander21/strandAsym/release/bin /hps/nobackup2/flicek/user/cander21/strandAsym/release test2 /hps/nobackup2/flicek/user/lceCORE/genomes/c3h.arcMask.fa ; done < /hps/nobackup2/flicek/user/cander21/strandAsym/release/test_rfd.txt 
Submitted job 23 with external jobid 'Job <6285471> is submitted to default queue <standard>.'.

[Fri Apr 29 13:34:44 2022]
rule pt3_mut_count_obs:
    input: /hps/nobackup2/flicek/user/cander21/strandAsym/release/test2/genic/89985_N3.rfd.COM.tnt_count, /hps/nobackup2/flicek/user/cander21/strandAsym/release/test2/genic/89985_N4.rfd.COM.tnt_count, /hps/nobackup2/flicek/user/cander21/strandAsym/release/test2/genic/89986_N1.rfd.COM.tnt_count, /hps/nobackup2/flicek/user/cander21/strandAsym/release/test2/nongenic/89985_N3.rfd.COM.tnt_count, /hps/nobackup2/flicek/user/cander21/strandAsym/release/test2/nongenic/89985_N4.rfd.COM.tnt_count, /hps/nobackup2/flicek/user/cander21/strandAsym/release/test2/nongenic/89986_N1.rfd.COM.tnt_count
    output: /hps/nobackup2/flicek/user/cander21/strandAsym/release/test2/nongenic/bs0/bs0.89985_N3.mu, /hps/nobackup2/flicek/user/cander21/strandAsym/release/test2/nongenic/bs0/89985_N3.rfd.0.C.mut, /hps/nobackup2/flicek/user/cander21/strandAsym/release/test2/nongenic/bs0/89985_N3.rfd.0.W.mut
    jobid: 20
    reason: Missing output files: /hps/nobackup2/flicek/user/cander21/strandAsym/release/test2/nongenic/bs0/bs0.89985_N3.mu; Input files updated by another job: /hps/nobackup2/flicek/user/cander21/strandAsym/release/test2/genic/89985_N4.rfd.COM.tnt_count, /hps/nobackup2/flicek/user/cander21/strandAsym/release/test2/genic/89985_N3.rfd.COM.tnt_count, /hps/nobackup2/flicek/user/cander21/strandAsym/release/test2/nongenic/89986_N1.rfd.COM.tnt_count, /hps/nobackup2/flicek/user/cander21/strandAsym/release/test2/nongenic/89985_N3.rfd.COM.tnt_count, /hps/nobackup2/flicek/user/cander21/strandAsym/release/test2/nongenic/89985_N4.rfd.COM.tnt_count, /hps/nobackup2/flicek/user/cander21/strandAsym/release/test2/genic/89986_N1.rfd.COM.tnt_count
    wildcards: pth=/hps/nobackup2/flicek/user/cander21/strandAsym/release, dir=test2, reg=nongenic, nod=89985_N3
    resources: tmpdir=/tmp

while read line ; do bits=($line) ; /hps/nobackup2/flicek/user/cander21/strandAsym/release/bin/pt3_mut_count.sh ${bits[0]} ${bits[1]} ${bits[2]} 0 1 0 nongenic 89985_N3 /hps/nobackup2/flicek/user/cander21/strandAsym/release/bin /hps/nobackup2/flicek/user/cander21/strandAsym/release test2 /hps/nobackup2/flicek/user/lceCORE/genomes/c3h.arcMask.fa ; done < /hps/nobackup2/flicek/user/cander21/strandAsym/release/test_rfd.txt 
Submitted job 20 with external jobid 'Job <6285472> is submitted to default queue <standard>.'.

[Fri Apr 29 13:34:44 2022]
rule pt3_mut_count_obs:
    input: /hps/nobackup2/flicek/user/cander21/strandAsym/release/test2/genic/89985_N3.rfd.COM.tnt_count, /hps/nobackup2/flicek/user/cander21/strandAsym/release/test2/genic/89985_N4.rfd.COM.tnt_count, /hps/nobackup2/flicek/user/cander21/strandAsym/release/test2/genic/89986_N1.rfd.COM.tnt_count, /hps/nobackup2/flicek/user/cander21/strandAsym/release/test2/nongenic/89985_N3.rfd.COM.tnt_count, /hps/nobackup2/flicek/user/cander21/strandAsym/release/test2/nongenic/89985_N4.rfd.COM.tnt_count, /hps/nobackup2/flicek/user/cander21/strandAsym/release/test2/nongenic/89986_N1.rfd.COM.tnt_count
    output: /hps/nobackup2/flicek/user/cander21/strandAsym/release/test2/nongenic/bs0/bs0.89985_N4.mu, /hps/nobackup2/flicek/user/cander21/strandAsym/release/test2/nongenic/bs0/89985_N4.rfd.0.C.mut, /hps/nobackup2/flicek/user/cander21/strandAsym/release/test2/nongenic/bs0/89985_N4.rfd.0.W.mut
    jobid: 22
    reason: Missing output files: /hps/nobackup2/flicek/user/cander21/strandAsym/release/test2/nongenic/bs0/bs0.89985_N4.mu; Input files updated by another job: /hps/nobackup2/flicek/user/cander21/strandAsym/release/test2/genic/89985_N4.rfd.COM.tnt_count, /hps/nobackup2/flicek/user/cander21/strandAsym/release/test2/genic/89985_N3.rfd.COM.tnt_count, /hps/nobackup2/flicek/user/cander21/strandAsym/release/test2/nongenic/89986_N1.rfd.COM.tnt_count, /hps/nobackup2/flicek/user/cander21/strandAsym/release/test2/nongenic/89985_N3.rfd.COM.tnt_count, /hps/nobackup2/flicek/user/cander21/strandAsym/release/test2/nongenic/89985_N4.rfd.COM.tnt_count, /hps/nobackup2/flicek/user/cander21/strandAsym/release/test2/genic/89986_N1.rfd.COM.tnt_count
    wildcards: pth=/hps/nobackup2/flicek/user/cander21/strandAsym/release, dir=test2, reg=nongenic, nod=89985_N4
    resources: tmpdir=/tmp

while read line ; do bits=($line) ; /hps/nobackup2/flicek/user/cander21/strandAsym/release/bin/pt3_mut_count.sh ${bits[0]} ${bits[1]} ${bits[2]} 0 1 0 nongenic 89985_N4 /hps/nobackup2/flicek/user/cander21/strandAsym/release/bin /hps/nobackup2/flicek/user/cander21/strandAsym/release test2 /hps/nobackup2/flicek/user/lceCORE/genomes/c3h.arcMask.fa ; done < /hps/nobackup2/flicek/user/cander21/strandAsym/release/test_rfd.txt 
Submitted job 22 with external jobid 'Job <6285473> is submitted to default queue <standard>.'.

[Fri Apr 29 13:34:44 2022]
rule pt3_mut_count_obs:
    input: /hps/nobackup2/flicek/user/cander21/strandAsym/release/test2/genic/89985_N3.rfd.COM.tnt_count, /hps/nobackup2/flicek/user/cander21/strandAsym/release/test2/genic/89985_N4.rfd.COM.tnt_count, /hps/nobackup2/flicek/user/cander21/strandAsym/release/test2/genic/89986_N1.rfd.COM.tnt_count, /hps/nobackup2/flicek/user/cander21/strandAsym/release/test2/nongenic/89985_N3.rfd.COM.tnt_count, /hps/nobackup2/flicek/user/cander21/strandAsym/release/test2/nongenic/89985_N4.rfd.COM.tnt_count, /hps/nobackup2/flicek/user/cander21/strandAsym/release/test2/nongenic/89986_N1.rfd.COM.tnt_count
    output: /hps/nobackup2/flicek/user/cander21/strandAsym/release/test2/nongenic/bs0/bs0.89986_N1.mu, /hps/nobackup2/flicek/user/cander21/strandAsym/release/test2/nongenic/bs0/89986_N1.rfd.0.C.mut, /hps/nobackup2/flicek/user/cander21/strandAsym/release/test2/nongenic/bs0/89986_N1.rfd.0.W.mut
    jobid: 24
    reason: Missing output files: /hps/nobackup2/flicek/user/cander21/strandAsym/release/test2/nongenic/bs0/bs0.89986_N1.mu; Input files updated by another job: /hps/nobackup2/flicek/user/cander21/strandAsym/release/test2/genic/89985_N4.rfd.COM.tnt_count, /hps/nobackup2/flicek/user/cander21/strandAsym/release/test2/genic/89985_N3.rfd.COM.tnt_count, /hps/nobackup2/flicek/user/cander21/strandAsym/release/test2/nongenic/89986_N1.rfd.COM.tnt_count, /hps/nobackup2/flicek/user/cander21/strandAsym/release/test2/nongenic/89985_N3.rfd.COM.tnt_count, /hps/nobackup2/flicek/user/cander21/strandAsym/release/test2/nongenic/89985_N4.rfd.COM.tnt_count, /hps/nobackup2/flicek/user/cander21/strandAsym/release/test2/genic/89986_N1.rfd.COM.tnt_count
    wildcards: pth=/hps/nobackup2/flicek/user/cander21/strandAsym/release, dir=test2, reg=nongenic, nod=89986_N1
    resources: tmpdir=/tmp

while read line ; do bits=($line) ; /hps/nobackup2/flicek/user/cander21/strandAsym/release/bin/pt3_mut_count.sh ${bits[0]} ${bits[1]} ${bits[2]} 0 1 0 nongenic 89986_N1 /hps/nobackup2/flicek/user/cander21/strandAsym/release/bin /hps/nobackup2/flicek/user/cander21/strandAsym/release test2 /hps/nobackup2/flicek/user/lceCORE/genomes/c3h.arcMask.fa ; done < /hps/nobackup2/flicek/user/cander21/strandAsym/release/test_rfd.txt 
Submitted job 24 with external jobid 'Job <6285474> is submitted to default queue <standard>.'.
Removing temporary output file /hps/nobackup2/flicek/user/cander21/strandAsym/release/test2/genic/bs0/89985_N3.rfd.0.C.mut.
Removing temporary output file /hps/nobackup2/flicek/user/cander21/strandAsym/release/test2/genic/bs0/89985_N3.rfd.0.W.mut.
[Fri Apr 29 13:34:54 2022]
Finished job 19.
19 of 25 steps (76%) done
Removing temporary output file /hps/nobackup2/flicek/user/cander21/strandAsym/release/test2/genic/bs0/89985_N4.rfd.0.C.mut.
Removing temporary output file /hps/nobackup2/flicek/user/cander21/strandAsym/release/test2/genic/bs0/89985_N4.rfd.0.W.mut.
[Fri Apr 29 13:34:54 2022]
Finished job 21.
20 of 25 steps (80%) done
Removing temporary output file /hps/nobackup2/flicek/user/cander21/strandAsym/release/test2/genic/bs0/89986_N1.rfd.0.C.mut.
Removing temporary output file /hps/nobackup2/flicek/user/cander21/strandAsym/release/test2/genic/bs0/89986_N1.rfd.0.W.mut.
[Fri Apr 29 13:34:54 2022]
Finished job 23.
21 of 25 steps (84%) done
Removing temporary output file /hps/nobackup2/flicek/user/cander21/strandAsym/release/test2/nongenic/bs0/89985_N3.rfd.0.C.mut.
Removing temporary output file /hps/nobackup2/flicek/user/cander21/strandAsym/release/test2/nongenic/bs0/89985_N3.rfd.0.W.mut.
[Fri Apr 29 13:34:54 2022]
Finished job 20.
22 of 25 steps (88%) done
Removing temporary output file /hps/nobackup2/flicek/user/cander21/strandAsym/release/test2/nongenic/bs0/89985_N4.rfd.0.C.mut.
Removing temporary output file /hps/nobackup2/flicek/user/cander21/strandAsym/release/test2/nongenic/bs0/89985_N4.rfd.0.W.mut.
[Fri Apr 29 13:34:55 2022]
Finished job 22.
23 of 25 steps (92%) done
Removing temporary output file /hps/nobackup2/flicek/user/cander21/strandAsym/release/test2/nongenic/bs0/89986_N1.rfd.0.C.mut.
Removing temporary output file /hps/nobackup2/flicek/user/cander21/strandAsym/release/test2/nongenic/bs0/89986_N1.rfd.0.W.mut.
[Fri Apr 29 13:34:55 2022]
Finished job 24.
24 of 25 steps (96%) done
Select jobs to execute...

[Fri Apr 29 13:34:55 2022]
localrule all:
    input: /hps/nobackup2/flicek/user/cander21/strandAsym/release/test2/wac/89985_N3.wac.bed, /hps/nobackup2/flicek/user/cander21/strandAsym/release/test2/wac/89985_N4.wac.bed, /hps/nobackup2/flicek/user/cander21/strandAsym/release/test2/wac/89986_N1.wac.bed, /hps/nobackup2/flicek/user/cander21/strandAsym/release/test2/sample_specific_rfd_windows/89985_N3.input.anno.bed, /hps/nobackup2/flicek/user/cander21/strandAsym/release/test2/sample_specific_rfd_windows/89985_N4.input.anno.bed, /hps/nobackup2/flicek/user/cander21/strandAsym/release/test2/sample_specific_rfd_windows/89986_N1.input.anno.bed, /hps/nobackup2/flicek/user/cander21/strandAsym/release/test2/sample_specific_rfd_windows/89985_N3.input.anno.genic.bed, /hps/nobackup2/flicek/user/cander21/strandAsym/release/test2/sample_specific_rfd_windows/89985_N4.input.anno.genic.bed, /hps/nobackup2/flicek/user/cander21/strandAsym/release/test2/sample_specific_rfd_windows/89986_N1.input.anno.genic.bed, /hps/nobackup2/flicek/user/cander21/strandAsym/release/test2/sample_specific_rfd_windows/89985_N3.input.anno.nongenic.bed, /hps/nobackup2/flicek/user/cander21/strandAsym/release/test2/sample_specific_rfd_windows/89985_N4.input.anno.nongenic.bed, /hps/nobackup2/flicek/user/cander21/strandAsym/release/test2/sample_specific_rfd_windows/89986_N1.input.anno.nongenic.bed, /hps/nobackup2/flicek/user/cander21/strandAsym/release/test2/genic/89985_N3.rfd.COM.tnt_count, /hps/nobackup2/flicek/user/cander21/strandAsym/release/test2/nongenic/89985_N3.rfd.COM.tnt_count, /hps/nobackup2/flicek/user/cander21/strandAsym/release/test2/genic/89985_N4.rfd.COM.tnt_count, /hps/nobackup2/flicek/user/cander21/strandAsym/release/test2/nongenic/89985_N4.rfd.COM.tnt_count, /hps/nobackup2/flicek/user/cander21/strandAsym/release/test2/genic/89986_N1.rfd.COM.tnt_count, /hps/nobackup2/flicek/user/cander21/strandAsym/release/test2/nongenic/89986_N1.rfd.COM.tnt_count, /hps/nobackup2/flicek/user/cander21/strandAsym/release/test2/genic/bs0/bs0.89985_N3.mu, /hps/nobackup2/flicek/user/cander21/strandAsym/release/test2/nongenic/bs0/bs0.89985_N3.mu, /hps/nobackup2/flicek/user/cander21/strandAsym/release/test2/genic/bs0/bs0.89985_N4.mu, /hps/nobackup2/flicek/user/cander21/strandAsym/release/test2/nongenic/bs0/bs0.89985_N4.mu, /hps/nobackup2/flicek/user/cander21/strandAsym/release/test2/genic/bs0/bs0.89986_N1.mu, /hps/nobackup2/flicek/user/cander21/strandAsym/release/test2/nongenic/bs0/bs0.89986_N1.mu
    jobid: 0
    reason: Input files updated by another job: /hps/nobackup2/flicek/user/cander21/strandAsym/release/test2/genic/bs0/bs0.89985_N3.mu, /hps/nobackup2/flicek/user/cander21/strandAsym/release/test2/sample_specific_rfd_windows/89985_N3.input.anno.nongenic.bed, /hps/nobackup2/flicek/user/cander21/strandAsym/release/test2/nongenic/89985_N4.rfd.COM.tnt_count, /hps/nobackup2/flicek/user/cander21/strandAsym/release/test2/genic/89986_N1.rfd.COM.tnt_count, /hps/nobackup2/flicek/user/cander21/strandAsym/release/test2/nongenic/bs0/bs0.89985_N3.mu, /hps/nobackup2/flicek/user/cander21/strandAsym/release/test2/sample_specific_rfd_windows/89985_N4.input.anno.genic.bed, /hps/nobackup2/flicek/user/cander21/strandAsym/release/test2/nongenic/bs0/bs0.89986_N1.mu, /hps/nobackup2/flicek/user/cander21/strandAsym/release/test2/sample_specific_rfd_windows/89985_N4.input.anno.bed, /hps/nobackup2/flicek/user/cander21/strandAsym/release/test2/sample_specific_rfd_windows/89985_N4.input.anno.nongenic.bed, /hps/nobackup2/flicek/user/cander21/strandAsym/release/test2/sample_specific_rfd_windows/89986_N1.input.anno.nongenic.bed, /hps/nobackup2/flicek/user/cander21/strandAsym/release/test2/nongenic/bs0/bs0.89985_N4.mu, /hps/nobackup2/flicek/user/cander21/strandAsym/release/test2/genic/bs0/bs0.89985_N4.mu, /hps/nobackup2/flicek/user/cander21/strandAsym/release/test2/genic/89985_N4.rfd.COM.tnt_count, /hps/nobackup2/flicek/user/cander21/strandAsym/release/test2/genic/89985_N3.rfd.COM.tnt_count, /hps/nobackup2/flicek/user/cander21/strandAsym/release/test2/wac/89986_N1.wac.bed, /hps/nobackup2/flicek/user/cander21/strandAsym/release/test2/nongenic/89985_N3.rfd.COM.tnt_count, /hps/nobackup2/flicek/user/cander21/strandAsym/release/test2/wac/89985_N3.wac.bed, /hps/nobackup2/flicek/user/cander21/strandAsym/release/test2/nongenic/89986_N1.rfd.COM.tnt_count, /hps/nobackup2/flicek/user/cander21/strandAsym/release/test2/genic/bs0/bs0.89986_N1.mu, /hps/nobackup2/flicek/user/cander21/strandAsym/release/test2/sample_specific_rfd_windows/89986_N1.input.anno.genic.bed, /hps/nobackup2/flicek/user/cander21/strandAsym/release/test2/sample_specific_rfd_windows/89985_N3.input.anno.genic.bed, /hps/nobackup2/flicek/user/cander21/strandAsym/release/test2/sample_specific_rfd_windows/89986_N1.input.anno.bed, /hps/nobackup2/flicek/user/cander21/strandAsym/release/test2/wac/89985_N4.wac.bed, /hps/nobackup2/flicek/user/cander21/strandAsym/release/test2/sample_specific_rfd_windows/89985_N3.input.anno.bed
    resources: tmpdir=/tmp

[Fri Apr 29 13:34:55 2022]
Finished job 0.
25 of 25 steps (100%) done
Complete log: /hps/nobackup2/flicek/user/cander21/strandAsym/release/.snakemake/log/2022-04-29T133312.765116.snakemake.log
