Building DAG of jobs...
Using shell: /usr/local/bin/bash
Provided cluster nodes: 800
Job counts:
	count	jobs
	1	all
	2	make_wac
	2	pt1_RFD_window_sorter
	4	pt2_tnt_counter
	2080	pt3_mut_count_BS
	4	pt3_mut_count_obs
	4	subset_beds
	2097

[Tue Apr 26 20:36:53 2022]
rule pt1_RFD_window_sorter:
    output: /hps/nobackup2/flicek/user/cander21/strandAsym/release/test2/sample_specific_rfd_windows/89985_N4.input.anno.bed
    jobid: 4
    reason: Missing output files: /hps/nobackup2/flicek/user/cander21/strandAsym/release/test2/sample_specific_rfd_windows/89985_N4.input.anno.bed
    wildcards: pth=/hps/nobackup2/flicek/user/cander21/strandAsym/release, dir=test2, nod=89985_N4

/hps/nobackup2/flicek/user/cander21/strandAsym/release/bin/pt1_RFD_window_sorter.sh /hps/nobackup2/flicek/user/cander21/strandAsym/release test2 /hps/nobackup2/flicek/user/cander21/strandAsym/repOri/rfd/c3h.consensus_OK-seq.1kb.bed 89985_N4 /hps/nobackup2/flicek/user/cander21/strandAsym/newrfd_filtered_variants
WorkflowError in line 49 of /hps/nobackup2/flicek/user/cander21/strandAsym/release/snakefile:
'Wildcards' object has no attribute 'run_time'
