Building DAG of jobs...
MissingInputException in line 28 of /hps/nobackup2/flicek/user/cander21/strandAsym/release/WG_snakefile:
Missing input files for rule all:
/hps/nobackup2/flicek/user/cander21/strandAsym/release/test/sample_specific_rfd_windows/93258_N5.input.anno.bed
/hps/nobackup2/flicek/user/cander21/strandAsym/release/test/sample_specific_rfd_windows/91415_N3.input.anno.bed
/hps/nobackup2/flicek/user/cander21/strandAsym/release/test/sample_specific_rfd_windows/91619_N2.input.anno.bed
/hps/nobackup2/flicek/user/cander21/strandAsym/release/test/sample_specific_rfd_windows/91931_N2.input.anno.bed
/hps/nobackup2/flicek/user/cander21/strandAsym/release/test/sample_specific_rfd_windows/91113_N3.input.anno.bed
/hps/nobackup2/flicek/user/cander21/strandAsym/release/test/sample_specific_rfd_windows/93091_N3.input.anno.bed
/hps/nobackup2/flicek/user/cander21/strandAsym/release/test/sample_specific_rfd_windows/90803_N2.input.anno.bed
/hps/nobackup2/flicek/user/cander21/strandAsym/release/test/sample_specific_rfd_windows/91098_N1.input.anno.bed
/hps/nobackup2/flicek/user/cander21/strandAsym/release/test/sample_specific_rfd_windows/91835_N1.input.anno.bed
/hps/nobackup2/flicek/user/cander21/strandAsym/release/test/sample_specific_rfd_windows/93131_N8.input.anno.bed
/hps/nobackup2/flicek/user/cander21/strandAsym/release/test/sample_specific_rfd_windows/94315_N8.input.anno.bed
/hps/nobackup2/flicek/user/cander21/strandAsym/release/test/sample_specific_rfd_windows/91215_N6.input.anno.bed
/hps/nobackup2/flicek/user/cander21/strandAsym/release/test/sample_specific_rfd_windows/91838_N5.input.anno.bed
/hps/nobackup2/flicek/user/cander21/strandAsym/release/test/sample_specific_rfd_windows/94316_N1.input.anno.bed
/hps/nobackup2/flicek/user/cander21/strandAsym/release/test/sample_specific_rfd_windows/90886_N3.input.anno.bed
/hps/nobackup2/flicek/user/cander21/strandAsym/release/test/sample_specific_rfd_windows/90810_N6.input.anno.bed
/hps/nobackup2/flicek/user/cander21/strandAsym/release/test/sample_specific_rfd_windows/93093_N1.input.anno.bed
/hps/nobackup2/flicek/user/cander21/strandAsym/release/test/sample_specific_rfd_windows/91944_N2.input.anno.bed
/hps/nobackup2/flicek/user/cander21/strandAsym/release/test/sample_specific_rfd_windows/92187_N6.input.anno.bed
/hps/nobackup2/flicek/user/cander21/strandAsym/release/test/sample_specific_rfd_windows/93100_N6.input.anno.bed
/hps/nobackup2/flicek/user/cander21/strandAsym/release/test/sample_specific_rfd_windows/91215_N1.input.anno.bed
/hps/nobackup2/flicek/user/cander21/strandAsym/release/test/sample_specific_rfd_windows/90170_N3.input.anno.bed
/hps/nobackup2/flicek/user/cander21/strandAsym/release/test/sample_specific_rfd_windows/91218_N1.input.anno.bed
/hps/nobackup2/flicek/user/cander21/strandAsym/release/test/sample_specific_rfd_windows/93131_N5.input.anno.bed
/hps/nobackup2/flicek/user/cander21/strandAsym/release/test/sample_specific_rfd_windows/90801_N1.input.anno.bed
/hps/nobackup2/flicek/user/cander21/strandAsym/release/test/sample_specific_rfd_windows/90888_N4.input.anno.bed
/hps/nobackup2/flicek/user/cander21/strandAsym/release/test/sample_specific_rfd_windows/93099_N1.input.anno.bed
/hps/nobackup2/flicek/user/cander21/strandAsym/release/test/sample_specific_rfd_windows/92189_N1.input.anno.bed
/hps/nobackup2/flicek/user/cander21/strandAsym/release/test/sample_specific_rfd_windows/90803_N4.input.anno.bed
/hps/nobackup2/flicek/user/cander21/strandAsym/release/test/sample_specific_rfd_windows/90880_N1.input.anno.bed
/hps/nobackup2/flicek/user/cander21/strandAsym/release/test/sample_specific_rfd_windows/91215_N2.input.anno.bed
/hps/nobackup2/flicek/user/cander21/strandAsym/release/test/sample_specific_rfd_windows/92105_N2.input.anno.bed
/hps/nobackup2/flicek/user/cander21/strandAsym/release/test/sample_specific_rfd_windows/93100_N3.input.anno.bed
/hps/nobackup2/flicek/user/cander21/strandAsym/release/test/sample_specific_rfd_windows/93100_N4.input.anno.bed
/hps/nobackup2/flicek/user/cander21/strandAsym/release/test/sample_specific_rfd_windows/90400_N1.input.anno.bed
/hps/nobackup2/flicek/user/cander21/strandAsym/release/test/sample_specific_rfd_windows/91216_N6.input.anno.bed
/hps/nobackup2/flicek/user/cander21/strandAsym/release/test/sample_specific_rfd_windows/90810_N3.input.anno.bed
/hps/nobackup2/flicek/user/cander21/strandAsym/release/test/sample_specific_rfd_windows/93092_N3.input.anno.bed
/hps/nobackup2/flicek/user/cander21/strandAsym/release/test/sample_specific_rfd_windows/93092_N8.input.anno.bed
/hps/nobackup2/flicek/user/cander21/strandAsym/release/test/sample_specific_rfd_windows/90886_N6.input.anno.bed
/hps/nobackup2/flicek/user/cander21/strandAsym/release/test/sample_specific_rfd_windows/91943_N1.input.anno.bed
/hps/nobackup2/flicek/user/cander21/strandAsym/release/test/sample_specific_rfd_windows/91218_N2.input.anno.bed
/hps/nobackup2/flicek/user/cander21/strandAsym/release/test/sample_specific_rfd_windows/93098_N1.input.anno.bed
/hps/nobackup2/flicek/user/cander21/strandAsym/release/test/sample_specific_rfd_windows/90886_N2.input.anno.bed
/hps/nobackup2/flicek/user/cander21/strandAsym/release/test/sample_specific_rfd_windows/91604_N1.input.anno.bed
/hps/nobackup2/flicek/user/cander21/strandAsym/release/test/sample_specific_rfd_windows/93129_N10.input.anno.bed
/hps/nobackup2/flicek/user/cander21/strandAsym/release/test/sample_specific_rfd_windows/93092_N7.input.anno.bed
/hps/nobackup2/flicek/user/cander21/strandAsym/release/test/sample_specific_rfd_windows/94315_N7.input.anno.bed
/hps/nobackup2/flicek/user/cander21/strandAsym/release/test/sample_specific_rfd_windows/91942_N3.input.anno.bed
/hps/nobackup2/flicek/user/cander21/strandAsym/release/test/sample_specific_rfd_windows/89986_N3.input.anno.bed
/hps/nobackup2/flicek/user/cander21/strandAsym/release/test/sample_specific_rfd_windows/90886_N4.input.anno.bed
/hps/nobackup2/flicek/user/cander21/strandAsym/release/test/sample_specific_rfd_windows/91615_N3.input.anno.bed
/hps/nobackup2/flicek/user/cander21/strandAsym/release/test/sample_specific_rfd_windows/91618_N3.input.anno.bed
/hps/nobackup2/flicek/user/cander21/strandAsym/release/test/sample_specific_rfd_windows/92104_N2.input.anno.bed
/hps/nobackup2/flicek/user/cander21/strandAsym/release/test/sample_specific_rfd_windows/90004_N5.input.anno.bed
/hps/nobackup2/flicek/user/cander21/strandAsym/release/test/sample_specific_rfd_windows/94315_N3.input.anno.bed
/hps/nobackup2/flicek/user/cander21/strandAsym/release/test/sample_specific_rfd_windows/90446_N3.input.anno.bed
/hps/nobackup2/flicek/user/cander21/strandAsym/release/test/sample_specific_rfd_windows/93129_N4.input.anno.bed
/hps/nobackup2/flicek/user/cander21/strandAsym/release/test/sample_specific_rfd_windows/91615_N7.input.anno.bed
/hps/nobackup2/flicek/user/cander21/strandAsym/release/test/sample_specific_rfd_windows/92104_N3.input.anno.bed
/hps/nobackup2/flicek/user/cander21/strandAsym/release/test/sample_specific_rfd_windows/91217_N2.input.anno.bed
/hps/nobackup2/flicek/user/cander21/strandAsym/release/test/sample_specific_rfd_windows/91208_N1.input.anno.bed
/hps/nobackup2/flicek/user/cander21/strandAsym/release/test/sample_specific_rfd_windows/91216_N4.input.anno.bed
/hps/nobackup2/flicek/user/cander21/strandAsym/release/test/sample_specific_rfd_windows/91838_N1.input.anno.bed
/hps/nobackup2/flicek/user/cander21/strandAsym/release/test/sample_specific_rfd_windows/91100_N1.input.anno.bed
/hps/nobackup2/flicek/user/cander21/strandAsym/release/test/sample_specific_rfd_windows/94314_N6.input.anno.bed
/hps/nobackup2/flicek/user/cander21/strandAsym/release/test/sample_specific_rfd_windows/91931_N5.input.anno.bed
/hps/nobackup2/flicek/user/cander21/strandAsym/release/test/sample_specific_rfd_windows/91099_N2.input.anno.bed
/hps/nobackup2/flicek/user/cander21/strandAsym/release/test/sample_specific_rfd_windows/89986_N2.input.anno.bed
/hps/nobackup2/flicek/user/cander21/strandAsym/release/test/sample_specific_rfd_windows/89986_N4.input.anno.bed
/hps/nobackup2/flicek/user/cander21/strandAsym/release/test/sample_specific_rfd_windows/90810_N2.input.anno.bed
/hps/nobackup2/flicek/user/cander21/strandAsym/release/test/sample_specific_rfd_windows/92105_N8.input.anno.bed
/hps/nobackup2/flicek/user/cander21/strandAsym/release/test/sample_specific_rfd_windows/93094_N1.input.anno.bed
/hps/nobackup2/flicek/user/cander21/strandAsym/release/test/sample_specific_rfd_windows/91620_N2.input.anno.bed
/hps/nobackup2/flicek/user/cander21/strandAsym/release/test/sample_specific_rfd_windows/93132_N2.input.anno.bed
/hps/nobackup2/flicek/user/cander21/strandAsym/release/test/sample_specific_rfd_windows/93243_N1.input.anno.bed
/hps/nobackup2/flicek/user/cander21/strandAsym/release/test/sample_specific_rfd_windows/93100_N1.input.anno.bed
/hps/nobackup2/flicek/user/cander21/strandAsym/release/test/sample_specific_rfd_windows/91948_N2.input.anno.bed
/hps/nobackup2/flicek/user/cander21/strandAsym/release/test/sample_specific_rfd_windows/91944_N1.input.anno.bed
/hps/nobackup2/flicek/user/cander21/strandAsym/release/test/sample_specific_rfd_windows/93244_N6.input.anno.bed
/hps/nobackup2/flicek/user/cander21/strandAsym/release/test/sample_specific_rfd_windows/91839_N2.input.anno.bed
/hps/nobackup2/flicek/user/cander21/strandAsym/release/test/sample_specific_rfd_windows/93259_N2.input.anno.bed
/hps/nobackup2/flicek/user/cander21/strandAsym/release/test/sample_specific_rfd_windows/93096_N5.input.anno.bed
/hps/nobackup2/flicek/user/cander21/strandAsym/release/test/sample_specific_rfd_windows/91931_N6.input.anno.bed
/hps/nobackup2/flicek/user/cander21/strandAsym/release/test/sample_specific_rfd_windows/90887_N3.input.anno.bed
/hps/nobackup2/flicek/user/cander21/strandAsym/release/test/sample_specific_rfd_windows/93091_N4.input.anno.bed
/hps/nobackup2/flicek/user/cander21/strandAsym/release/test/sample_specific_rfd_windows/93129_N7.input.anno.bed
/hps/nobackup2/flicek/user/cander21/strandAsym/release/test/sample_specific_rfd_windows/93129_N2.input.anno.bed
/hps/nobackup2/flicek/user/cander21/strandAsym/release/test/sample_specific_rfd_windows/90791_N3.input.anno.bed
/hps/nobackup2/flicek/user/cander21/strandAsym/release/test/sample_specific_rfd_windows/93260_N8.input.anno.bed
/hps/nobackup2/flicek/user/cander21/strandAsym/release/test/sample_specific_rfd_windows/92105_N3.input.anno.bed
/hps/nobackup2/flicek/user/cander21/strandAsym/release/test/sample_specific_rfd_windows/90004_N1.input.anno.bed
/hps/nobackup2/flicek/user/cander21/strandAsym/release/test/sample_specific_rfd_windows/93241_N2.input.anno.bed
/hps/nobackup2/flicek/user/cander21/strandAsym/release/test/sample_specific_rfd_windows/91837_N6.input.anno.bed
/hps/nobackup2/flicek/user/cander21/strandAsym/release/test/sample_specific_rfd_windows/91615_N4.input.anno.bed
/hps/nobackup2/flicek/user/cander21/strandAsym/release/test/sample_specific_rfd_windows/91615_N6.input.anno.bed
/hps/nobackup2/flicek/user/cander21/strandAsym/release/test/sample_specific_rfd_windows/93092_N2.input.anno.bed
/hps/nobackup2/flicek/user/cander21/strandAsym/release/test/sample_specific_rfd_windows/91539_N1.input.anno.bed
/hps/nobackup2/flicek/user/cander21/strandAsym/release/test/sample_specific_rfd_windows/93129_N9.input.anno.bed
/hps/nobackup2/flicek/user/cander21/strandAsym/release/test/sample_specific_rfd_windows/93258_N3.input.anno.bed
/hps/nobackup2/flicek/user/cander21/strandAsym/release/test/sample_specific_rfd_windows/93131_N7.input.anno.bed
/hps/nobackup2/flicek/user/cander21/strandAsym/release/test/sample_specific_rfd_windows/91612_N2.input.anno.bed
/hps/nobackup2/flicek/user/cander21/strandAsym/release/test/sample_specific_rfd_windows/91619_N1.input.anno.bed
/hps/nobackup2/flicek/user/cander21/strandAsym/release/test/sample_specific_rfd_windows/93131_N2.input.anno.bed
/hps/nobackup2/flicek/user/cander21/strandAsym/release/test/sample_specific_rfd_windows/92188_N2.input.anno.bed
/hps/nobackup2/flicek/user/cander21/strandAsym/release/test/sample_specific_rfd_windows/91114_N1.input.anno.bed
/hps/nobackup2/flicek/user/cander21/strandAsym/release/test/sample_specific_rfd_windows/93258_N8.input.anno.bed
/hps/nobackup2/flicek/user/cander21/strandAsym/release/test/sample_specific_rfd_windows/91539_N5.input.anno.bed
/hps/nobackup2/flicek/user/cander21/strandAsym/release/test/sample_specific_rfd_windows/91931_N3.input.anno.bed
/hps/nobackup2/flicek/user/cander21/strandAsym/release/test/sample_specific_rfd_windows/94315_N2.input.anno.bed
/hps/nobackup2/flicek/user/cander21/strandAsym/release/test/sample_specific_rfd_windows/90810_N4.input.anno.bed
/hps/nobackup2/flicek/user/cander21/strandAsym/release/test/sample_specific_rfd_windows/92294_N2.input.anno.bed
/hps/nobackup2/flicek/user/cander21/strandAsym/release/test/sample_specific_rfd_windows/92104_N1.input.anno.bed
/hps/nobackup2/flicek/user/cander21/strandAsym/release/test/sample_specific_rfd_windows/90797_N2.input.anno.bed
/hps/nobackup2/flicek/user/cander21/strandAsym/release/test/sample_specific_rfd_windows/91620_N1.input.anno.bed
/hps/nobackup2/flicek/user/cander21/strandAsym/release/test/sample_specific_rfd_windows/91613_N2.input.anno.bed
/hps/nobackup2/flicek/user/cander21/strandAsym/release/test/sample_specific_rfd_windows/93131_N6.input.anno.bed
/hps/nobackup2/flicek/user/cander21/strandAsym/release/test/sample_specific_rfd_windows/91930_N1.input.anno.bed
/hps/nobackup2/flicek/user/cander21/strandAsym/release/test/sample_specific_rfd_windows/92188_N6.input.anno.bed
/hps/nobackup2/flicek/user/cander21/strandAsym/release/test/sample_specific_rfd_windows/90732_N1.input.anno.bed
/hps/nobackup2/flicek/user/cander21/strandAsym/release/test/sample_specific_rfd_windows/90797_N1.input.anno.bed
/hps/nobackup2/flicek/user/cander21/strandAsym/release/test/sample_specific_rfd_windows/92057_N5.input.anno.bed
/hps/nobackup2/flicek/user/cander21/strandAsym/release/test/sample_specific_rfd_windows/91945_N1.input.anno.bed
/hps/nobackup2/flicek/user/cander21/strandAsym/release/test/sample_specific_rfd_windows/94315_N10.input.anno.bed
/hps/nobackup2/flicek/user/cander21/strandAsym/release/test/sample_specific_rfd_windows/90887_N4.input.anno.bed
/hps/nobackup2/flicek/user/cander21/strandAsym/release/test/sample_specific_rfd_windows/92187_N1.input.anno.bed
/hps/nobackup2/flicek/user/cander21/strandAsym/release/test/sample_specific_rfd_windows/91599_N1.input.anno.bed
/hps/nobackup2/flicek/user/cander21/strandAsym/release/test/sample_specific_rfd_windows/90732_N2.input.anno.bed
/hps/nobackup2/flicek/user/cander21/strandAsym/release/test/sample_specific_rfd_windows/91416_N1.input.anno.bed
/hps/nobackup2/flicek/user/cander21/strandAsym/release/test/sample_specific_rfd_windows/91604_C1.input.anno.bed
/hps/nobackup2/flicek/user/cander21/strandAsym/release/test/sample_specific_rfd_windows/92057_N2.input.anno.bed
/hps/nobackup2/flicek/user/cander21/strandAsym/release/test/sample_specific_rfd_windows/91100_N3.input.anno.bed
/hps/nobackup2/flicek/user/cander21/strandAsym/release/test/sample_specific_rfd_windows/91415_N5.input.anno.bed
/hps/nobackup2/flicek/user/cander21/strandAsym/release/test/sample_specific_rfd_windows/92188_N5.input.anno.bed
/hps/nobackup2/flicek/user/cander21/strandAsym/release/test/sample_specific_rfd_windows/91839_N3.input.anno.bed
/hps/nobackup2/flicek/user/cander21/strandAsym/release/test/sample_specific_rfd_windows/93243_N2.input.anno.bed
/hps/nobackup2/flicek/user/cander21/strandAsym/release/test/sample_specific_rfd_windows/91835_N2.input.anno.bed
/hps/nobackup2/flicek/user/cander21/strandAsym/release/test/sample_specific_rfd_windows/90888_N2.input.anno.bed
/hps/nobackup2/flicek/user/cander21/strandAsym/release/test/sample_specific_rfd_windows/93260_N1.input.anno.bed
/hps/nobackup2/flicek/user/cander21/strandAsym/release/test/sample_specific_rfd_windows/93260_N6.input.anno.bed
/hps/nobackup2/flicek/user/cander21/strandAsym/release/test/sample_specific_rfd_windows/91599_N3.input.anno.bed
/hps/nobackup2/flicek/user/cander21/strandAsym/release/test/sample_specific_rfd_windows/93242_N2.input.anno.bed
/hps/nobackup2/flicek/user/cander21/strandAsym/release/test/sample_specific_rfd_windows/91620_N6.input.anno.bed
/hps/nobackup2/flicek/user/cander21/strandAsym/release/test/sample_specific_rfd_windows/91837_N1.input.anno.bed
/hps/nobackup2/flicek/user/cander21/strandAsym/release/test/sample_specific_rfd_windows/91100_N4.input.anno.bed
/hps/nobackup2/flicek/user/cander21/strandAsym/release/test/sample_specific_rfd_windows/92189_N6.input.anno.bed
/hps/nobackup2/flicek/user/cander21/strandAsym/release/test/sample_specific_rfd_windows/91837_N3.input.anno.bed
/hps/nobackup2/flicek/user/cander21/strandAsym/release/test/sample_specific_rfd_windows/93244_N5.input.anno.bed
/hps/nobackup2/flicek/user/cander21/strandAsym/release/test/sample_specific_rfd_windows/93092_N1.input.anno.bed
/hps/nobackup2/flicek/user/cander21/strandAsym/release/test/sample_specific_rfd_windows/93129_N1.input.anno.bed
/hps/nobackup2/flicek/user/cander21/strandAsym/release/test/sample_specific_rfd_windows/90810_N1.input.anno.bed
/hps/nobackup2/flicek/user/cander21/strandAsym/release/test/sample_specific_rfd_windows/90796_N2.input.anno.bed
/hps/nobackup2/flicek/user/cander21/strandAsym/release/test/sample_specific_rfd_windows/94316_N2.input.anno.bed
/hps/nobackup2/flicek/user/cander21/strandAsym/release/test/sample_specific_rfd_windows/90447_N3.input.anno.bed
/hps/nobackup2/flicek/user/cander21/strandAsym/release/test/sample_specific_rfd_windows/93096_N4.input.anno.bed
/hps/nobackup2/flicek/user/cander21/strandAsym/release/test/sample_specific_rfd_windows/92105_N7.input.anno.bed
/hps/nobackup2/flicek/user/cander21/strandAsym/release/test/sample_specific_rfd_windows/91099_N1.input.anno.bed
/hps/nobackup2/flicek/user/cander21/strandAsym/release/test/sample_specific_rfd_windows/92189_N2.input.anno.bed
/hps/nobackup2/flicek/user/cander21/strandAsym/release/test/sample_specific_rfd_windows/89985_N3.input.anno.bed
/hps/nobackup2/flicek/user/cander21/strandAsym/release/test/sample_specific_rfd_windows/93096_N1.input.anno.bed
/hps/nobackup2/flicek/user/cander21/strandAsym/release/test/sample_specific_rfd_windows/90803_N7.input.anno.bed
/hps/nobackup2/flicek/user/cander21/strandAsym/release/test/sample_specific_rfd_windows/91842_N3.input.anno.bed
/hps/nobackup2/flicek/user/cander21/strandAsym/release/test/sample_specific_rfd_windows/93260_N3.input.anno.bed
/hps/nobackup2/flicek/user/cander21/strandAsym/release/test/sample_specific_rfd_windows/93096_N2.input.anno.bed
/hps/nobackup2/flicek/user/cander21/strandAsym/release/test/sample_specific_rfd_windows/91113_N7.input.anno.bed
/hps/nobackup2/flicek/user/cander21/strandAsym/release/test/sample_specific_rfd_windows/91620_N3.input.anno.bed
/hps/nobackup2/flicek/user/cander21/strandAsym/release/test/sample_specific_rfd_windows/91113_N4.input.anno.bed
/hps/nobackup2/flicek/user/cander21/strandAsym/release/test/sample_specific_rfd_windows/91622_N1.input.anno.bed
/hps/nobackup2/flicek/user/cander21/strandAsym/release/test/sample_specific_rfd_windows/89986_N1.input.anno.bed
/hps/nobackup2/flicek/user/cander21/strandAsym/release/test/sample_specific_rfd_windows/91100_N2.input.anno.bed
/hps/nobackup2/flicek/user/cander21/strandAsym/release/test/sample_specific_rfd_windows/93256_N1.input.anno.bed
/hps/nobackup2/flicek/user/cander21/strandAsym/release/test/sample_specific_rfd_windows/94315_N1.input.anno.bed
/hps/nobackup2/flicek/user/cander21/strandAsym/release/test/sample_specific_rfd_windows/93133_N4.input.anno.bed
/hps/nobackup2/flicek/user/cander21/strandAsym/release/test/sample_specific_rfd_windows/91113_N5.input.anno.bed
/hps/nobackup2/flicek/user/cander21/strandAsym/release/test/sample_specific_rfd_windows/92105_N6.input.anno.bed
/hps/nobackup2/flicek/user/cander21/strandAsym/release/test/sample_specific_rfd_windows/90791_N2.input.anno.bed
/hps/nobackup2/flicek/user/cander21/strandAsym/release/test/sample_specific_rfd_windows/93091_N1.input.anno.bed
/hps/nobackup2/flicek/user/cander21/strandAsym/release/test/sample_specific_rfd_windows/93097_N1.input.anno.bed
/hps/nobackup2/flicek/user/cander21/strandAsym/release/test/sample_specific_rfd_windows/93241_N1.input.anno.bed
/hps/nobackup2/flicek/user/cander21/strandAsym/release/test/sample_specific_rfd_windows/89995_N2.input.anno.bed
/hps/nobackup2/flicek/user/cander21/strandAsym/release/test/sample_specific_rfd_windows/91838_N4.input.anno.bed
/hps/nobackup2/flicek/user/cander21/strandAsym/release/test/sample_specific_rfd_windows/93244_N3.input.anno.bed
/hps/nobackup2/flicek/user/cander21/strandAsym/release/test/sample_specific_rfd_windows/90802_N1.input.anno.bed
/hps/nobackup2/flicek/user/cander21/strandAsym/release/test/sample_specific_rfd_windows/91415_N1.input.anno.bed
/hps/nobackup2/flicek/user/cander21/strandAsym/release/test/sample_specific_rfd_windows/90004_N6.input.anno.bed
/hps/nobackup2/flicek/user/cander21/strandAsym/release/test/sample_specific_rfd_windows/90886_N5.input.anno.bed
/hps/nobackup2/flicek/user/cander21/strandAsym/release/test/sample_specific_rfd_windows/91930_N2.input.anno.bed
/hps/nobackup2/flicek/user/cander21/strandAsym/release/test/sample_specific_rfd_windows/90022_N2.input.anno.bed
/hps/nobackup2/flicek/user/cander21/strandAsym/release/test/sample_specific_rfd_windows/92186_N7.input.anno.bed
/hps/nobackup2/flicek/user/cander21/strandAsym/release/test/sample_specific_rfd_windows/90721_N1.input.anno.bed
/hps/nobackup2/flicek/user/cander21/strandAsym/release/test/sample_specific_rfd_windows/91598_N1.input.anno.bed
/hps/nobackup2/flicek/user/cander21/strandAsym/release/test/sample_specific_rfd_windows/91618_N2.input.anno.bed
/hps/nobackup2/flicek/user/cander21/strandAsym/release/test/sample_specific_rfd_windows/90789_N1.input.anno.bed
/hps/nobackup2/flicek/user/cander21/strandAsym/release/test/sample_specific_rfd_windows/92186_N3.input.anno.bed
/hps/nobackup2/flicek/user/cander21/strandAsym/release/test/sample_specific_rfd_windows/92058_N2.input.anno.bed
/hps/nobackup2/flicek/user/cander21/strandAsym/release/test/sample_specific_rfd_windows/91213_N2.input.anno.bed
/hps/nobackup2/flicek/user/cander21/strandAsym/release/test/sample_specific_rfd_windows/91113_N2.input.anno.bed
/hps/nobackup2/flicek/user/cander21/strandAsym/release/test/sample_specific_rfd_windows/89985_N4.input.anno.bed
/hps/nobackup2/flicek/user/cander21/strandAsym/release/test/sample_specific_rfd_windows/90885_N1.input.anno.bed
/hps/nobackup2/flicek/user/cander21/strandAsym/release/test/sample_specific_rfd_windows/90447_N1.input.anno.bed
/hps/nobackup2/flicek/user/cander21/strandAsym/release/test/sample_specific_rfd_windows/90797_N3.input.anno.bed
/hps/nobackup2/flicek/user/cander21/strandAsym/release/test/sample_specific_rfd_windows/92188_N1.input.anno.bed
/hps/nobackup2/flicek/user/cander21/strandAsym/release/test/sample_specific_rfd_windows/91613_N1.input.anno.bed
/hps/nobackup2/flicek/user/cander21/strandAsym/release/test/sample_specific_rfd_windows/91218_N6.input.anno.bed
/hps/nobackup2/flicek/user/cander21/strandAsym/release/test/sample_specific_rfd_windows/91611_N1.input.anno.bed
/hps/nobackup2/flicek/user/cander21/strandAsym/release/test/sample_specific_rfd_windows/93259_N1.input.anno.bed
/hps/nobackup2/flicek/user/cander21/strandAsym/release/test/sample_specific_rfd_windows/93091_N5.input.anno.bed
/hps/nobackup2/flicek/user/cander21/strandAsym/release/test/sample_specific_rfd_windows/92186_N5.input.anno.bed
/hps/nobackup2/flicek/user/cander21/strandAsym/release/test/sample_specific_rfd_windows/93094_N2.input.anno.bed
/hps/nobackup2/flicek/user/cander21/strandAsym/release/test/sample_specific_rfd_windows/93244_N1.input.anno.bed
/hps/nobackup2/flicek/user/cander21/strandAsym/release/test/sample_specific_rfd_windows/89995_N1.input.anno.bed
/hps/nobackup2/flicek/user/cander21/strandAsym/release/test/sample_specific_rfd_windows/91620_N5.input.anno.bed
/hps/nobackup2/flicek/user/cander21/strandAsym/release/test/sample_specific_rfd_windows/90789_N2.input.anno.bed
/hps/nobackup2/flicek/user/cander21/strandAsym/release/test/sample_specific_rfd_windows/90022_N1.input.anno.bed
/hps/nobackup2/flicek/user/cander21/strandAsym/release/test/sample_specific_rfd_windows/90810_N5.input.anno.bed
/hps/nobackup2/flicek/user/cander21/strandAsym/release/test/sample_specific_rfd_windows/93244_N4.input.anno.bed
/hps/nobackup2/flicek/user/cander21/strandAsym/release/test/sample_specific_rfd_windows/91839_N1.input.anno.bed
/hps/nobackup2/flicek/user/cander21/strandAsym/release/test/sample_specific_rfd_windows/91615_N8.input.anno.bed
/hps/nobackup2/flicek/user/cander21/strandAsym/release/test/sample_specific_rfd_windows/90446_N2.input.anno.bed
/hps/nobackup2/flicek/user/cander21/strandAsym/release/test/sample_specific_rfd_windows/91932_N1.input.anno.bed
/hps/nobackup2/flicek/user/cander21/strandAsym/release/test/sample_specific_rfd_windows/90446_N4.input.anno.bed
/hps/nobackup2/flicek/user/cander21/strandAsym/release/test/sample_specific_rfd_windows/91932_N5.input.anno.bed
/hps/nobackup2/flicek/user/cander21/strandAsym/release/test/sample_specific_rfd_windows/92187_N4.input.anno.bed
/hps/nobackup2/flicek/user/cander21/strandAsym/release/test/sample_specific_rfd_windows/93129_N3.input.anno.bed
/hps/nobackup2/flicek/user/cander21/strandAsym/release/test/sample_specific_rfd_windows/91097_N2.input.anno.bed
/hps/nobackup2/flicek/user/cander21/strandAsym/release/test/sample_specific_rfd_windows/91218_N5.input.anno.bed
/hps/nobackup2/flicek/user/cander21/strandAsym/release/test/sample_specific_rfd_windows/91618_N1.input.anno.bed
/hps/nobackup2/flicek/user/cander21/strandAsym/release/test/sample_specific_rfd_windows/91615_N2.input.anno.bed
/hps/nobackup2/flicek/user/cander21/strandAsym/release/test/sample_specific_rfd_windows/93096_N6.input.anno.bed
/hps/nobackup2/flicek/user/cander21/strandAsym/release/test/sample_specific_rfd_windows/91213_N3.input.anno.bed
/hps/nobackup2/flicek/user/cander21/strandAsym/release/test/sample_specific_rfd_windows/90798_N1.input.anno.bed
/hps/nobackup2/flicek/user/cander21/strandAsym/release/test/sample_specific_rfd_windows/92188_N4.input.anno.bed
/hps/nobackup2/flicek/user/cander21/strandAsym/release/test/sample_specific_rfd_windows/91838_N3.input.anno.bed
/hps/nobackup2/flicek/user/cander21/strandAsym/release/test/sample_specific_rfd_windows/91215_N9.input.anno.bed
/hps/nobackup2/flicek/user/cander21/strandAsym/release/test/sample_specific_rfd_windows/90004_N2.input.anno.bed
/hps/nobackup2/flicek/user/cander21/strandAsym/release/test/sample_specific_rfd_windows/91605_N1.input.anno.bed
/hps/nobackup2/flicek/user/cander21/strandAsym/release/test/sample_specific_rfd_windows/91216_N1.input.anno.bed
