Building DAG of jobs...
Using shell: /usr/local/bin/bash
Provided cluster nodes: 800
Job counts:
	count	jobs
	1	all
	2	make_wac
	2	pt1_RFD_window_sorter
	4	pt2_tnt_counter
	2080	pt3_mut_count_BS
	4	pt3_mut_count_obs
	4	subset_beds
	2097

[Wed Apr 27 14:14:23 2022]
rule pt1_RFD_window_sorter:
    output: /hps/nobackup2/flicek/user/cander21/strandAsym/release/test2/sample_specific_rfd_windows/89985_N3.input.anno.bed
    jobid: 3
    reason: Missing output files: /hps/nobackup2/flicek/user/cander21/strandAsym/release/test2/sample_specific_rfd_windows/89985_N3.input.anno.bed
    wildcards: pth=/hps/nobackup2/flicek/user/cander21/strandAsym/release, dir=test2, nod=89985_N3

/hps/nobackup2/flicek/user/cander21/strandAsym/release/bin/pt1_RFD_window_sorter.sh /hps/nobackup2/flicek/user/cander21/strandAsym/release test2 /hps/nobackup2/flicek/user/cander21/strandAsym/repOri/rfd/c3h.consensus_OK-seq.1kb.bed 89985_N3 /hps/nobackup2/flicek/user/cander21/strandAsym/newrfd_filtered_variants
Error submitting jobscript (exit code 255):


[Wed Apr 27 14:14:24 2022]
rule make_wac:
    input: /hps/nobackup2/flicek/user/lceCORE/nodules/89985_N3.fnodDrcrMa, /hps/nobackup2/flicek/user/lceCORE/nodules/89985_N4.fnodDrcrMa
    output: /hps/nobackup2/flicek/user/cander21/strandAsym/release/test2/wac/89985_N4.wac.bed
    jobid: 2
    reason: Missing output files: /hps/nobackup2/flicek/user/cander21/strandAsym/release/test2/wac/89985_N4.wac.bed
    wildcards: pth=/hps/nobackup2/flicek/user/cander21/strandAsym/release, dir=test2, nod=89985_N4

awk -F"," '{print $3"\t"$6"\t"$7"\t"$15}' /hps/nobackup2/flicek/user/lceCORE/nodules/89985_N3.fnodDrcrMa /hps/nobackup2/flicek/user/lceCORE/nodules/89985_N4.fnodDrcrMa | sed '/^$/d' | awk '{if ($4 >= 0.33) {print $1"\t"$2"\t"$3"\tW"} else if ($4 <= -0.33) print $1"\t"$2"\t"$3"\tC"}' | sort -k1,1V -k2,2g | grep -v chr > /hps/nobackup2/flicek/user/cander21/strandAsym/release/test2/wac/89985_N4.wac.bed
Error submitting jobscript (exit code 255):


[Wed Apr 27 14:14:24 2022]
rule pt1_RFD_window_sorter:
    output: /hps/nobackup2/flicek/user/cander21/strandAsym/release/test2/sample_specific_rfd_windows/89985_N4.input.anno.bed
    jobid: 4
    reason: Missing output files: /hps/nobackup2/flicek/user/cander21/strandAsym/release/test2/sample_specific_rfd_windows/89985_N4.input.anno.bed
    wildcards: pth=/hps/nobackup2/flicek/user/cander21/strandAsym/release, dir=test2, nod=89985_N4

/hps/nobackup2/flicek/user/cander21/strandAsym/release/bin/pt1_RFD_window_sorter.sh /hps/nobackup2/flicek/user/cander21/strandAsym/release test2 /hps/nobackup2/flicek/user/cander21/strandAsym/repOri/rfd/c3h.consensus_OK-seq.1kb.bed 89985_N4 /hps/nobackup2/flicek/user/cander21/strandAsym/newrfd_filtered_variants
Error submitting jobscript (exit code 255):


[Wed Apr 27 14:14:24 2022]
rule make_wac:
    input: /hps/nobackup2/flicek/user/lceCORE/nodules/89985_N3.fnodDrcrMa, /hps/nobackup2/flicek/user/lceCORE/nodules/89985_N4.fnodDrcrMa
    output: /hps/nobackup2/flicek/user/cander21/strandAsym/release/test2/wac/89985_N3.wac.bed
    jobid: 1
    reason: Missing output files: /hps/nobackup2/flicek/user/cander21/strandAsym/release/test2/wac/89985_N3.wac.bed
    wildcards: pth=/hps/nobackup2/flicek/user/cander21/strandAsym/release, dir=test2, nod=89985_N3

awk -F"," '{print $3"\t"$6"\t"$7"\t"$15}' /hps/nobackup2/flicek/user/lceCORE/nodules/89985_N3.fnodDrcrMa /hps/nobackup2/flicek/user/lceCORE/nodules/89985_N4.fnodDrcrMa | sed '/^$/d' | awk '{if ($4 >= 0.33) {print $1"\t"$2"\t"$3"\tW"} else if ($4 <= -0.33) print $1"\t"$2"\t"$3"\tC"}' | sort -k1,1V -k2,2g | grep -v chr > /hps/nobackup2/flicek/user/cander21/strandAsym/release/test2/wac/89985_N3.wac.bed
Error submitting jobscript (exit code 255):

Shutting down, this might take some time.
Exiting because a job execution failed. Look above for error message
Complete log: /hps/nobackup2/flicek/user/cander21/strandAsym/release/.snakemake/log/2022-04-27T141351.276130.snakemake.log
