Building DAG of jobs...
Using shell: /usr/local/bin/bash
Provided cluster nodes: 800
Job counts:
	count	jobs
	1	all
	1	make_wac
	1	pt1_RFD_window_sorter
	1	pt2_tnt_counter
	3	pt3_mut_count_BS
	1	pt3_mut_count_obs
	1	subset_beds
	9

[Mon May  2 17:50:13 2022]
rule make_wac:
    output: /hps/nobackup2/flicek/user/cander21/strandAsym/release/test/wac/93244_N3.wac.bed
    jobid: 1
    reason: Missing output files: /hps/nobackup2/flicek/user/cander21/strandAsym/release/test/wac/93244_N3.wac.bed
    wildcards: pth=/hps/nobackup2/flicek/user/cander21/strandAsym/release, dir=test, nod=93244_N3

awk -F"," '{print $3"\t"$6"\t"$7"\t"$15}' /hps/nobackup2/flicek/user/lceCORE/nodules/93244_N3.fnodDrcrMa | sed '/^$/d' | awk '{if ($4 >= 0.33) {print $1"\t"$2"\t"$3"\tW"} else if ($4 <= -0.33) print $1"\t"$2"\t"$3"\tC"}' | sort -k1,1V -k2,2g | grep -v chr > /hps/nobackup2/flicek/user/cander21/strandAsym/release/test/wac/93244_N3.wac.bed
Submitted job 1 with external jobid 'Job <6369401> is submitted to default queue <standard>.'.
[Mon May  2 17:50:33 2022]
Finished job 1.
1 of 9 steps (11%) done

[Mon May  2 17:50:33 2022]
rule pt1_RFD_window_sorter:
    input: /hps/nobackup2/flicek/user/cander21/strandAsym/release/test/wac/93244_N3.wac.bed
    output: /hps/nobackup2/flicek/user/cander21/strandAsym/release/test/sample_specific_rfd_windows/93244_N3.input.anno.bed
    jobid: 2
    reason: Missing output files: /hps/nobackup2/flicek/user/cander21/strandAsym/release/test/sample_specific_rfd_windows/93244_N3.input.anno.bed; Input files updated by another job: /hps/nobackup2/flicek/user/cander21/strandAsym/release/test/wac/93244_N3.wac.bed
    wildcards: pth=/hps/nobackup2/flicek/user/cander21/strandAsym/release, dir=test, nod=93244_N3

/hps/nobackup2/flicek/user/cander21/strandAsym/release/bin/pt1_RFD_window_sorter.sh /hps/nobackup2/flicek/user/cander21/strandAsym/release test /hps/nobackup2/flicek/user/cander21/strandAsym/repOri/rfd/c3h.consensus_OK-seq.1kb.bed 93244_N3 /hps/nobackup2/flicek/user/cander21/strandAsym/newrfd_filtered_variants
Submitted job 2 with external jobid 'Job <6369417> is submitted to default queue <standard>.'.
[Mon May  2 17:51:03 2022]
Finished job 2.
2 of 9 steps (22%) done

[Mon May  2 17:51:03 2022]
rule subset_beds:
    input: /hps/nobackup2/flicek/user/cander21/strandAsym/release/test/sample_specific_rfd_windows/93244_N3.input.anno.bed
    output: /hps/nobackup2/flicek/user/cander21/strandAsym/release/test/sample_specific_rfd_windows/93244_N3.input.anno.genic.bed, /hps/nobackup2/flicek/user/cander21/strandAsym/release/test/sample_specific_rfd_windows/93244_N3.input.anno.nongenic.bed
    jobid: 3
    reason: Missing output files: /hps/nobackup2/flicek/user/cander21/strandAsym/release/test/sample_specific_rfd_windows/93244_N3.input.anno.nongenic.bed, /hps/nobackup2/flicek/user/cander21/strandAsym/release/test/sample_specific_rfd_windows/93244_N3.input.anno.genic.bed; Input files updated by another job: /hps/nobackup2/flicek/user/cander21/strandAsym/release/test/sample_specific_rfd_windows/93244_N3.input.anno.bed
    wildcards: pth=/hps/nobackup2/flicek/user/cander21/strandAsym/release, dir=test, nod=93244_N3

 bedtools intersect -a /hps/nobackup2/flicek/user/cander21/strandAsym/release/test/sample_specific_rfd_windows/93244_N3.input.anno.bed -b /hps/nobackup2/flicek/user/cander21/strandAsym/filtered_variants2/expression/rfd_1kb.expression.no_overlap.bed > /hps/nobackup2/flicek/user/cander21/strandAsym/release/test/sample_specific_rfd_windows/93244_N3.input.anno.genic.bed ; bedtools subtract -a /hps/nobackup2/flicek/user/cander21/strandAsym/release/test/sample_specific_rfd_windows/93244_N3.input.anno.bed -b /hps/nobackup2/flicek/user/cander21/strandAsym/filtered_variants2/expression/rfd_1kb.expression.no_overlap.bed > /hps/nobackup2/flicek/user/cander21/strandAsym/release/test/sample_specific_rfd_windows/93244_N3.input.anno.nongenic.bed 
Submitted job 3 with external jobid 'Job <6369431> is submitted to default queue <standard>.'.
[Mon May  2 17:54:23 2022]
Finished job 3.
3 of 9 steps (33%) done

[Mon May  2 17:54:23 2022]
rule pt2_tnt_counter:
    input: /hps/nobackup2/flicek/user/cander21/strandAsym/release/test/sample_specific_rfd_windows/93244_N3.input.anno.genic.bed, /hps/nobackup2/flicek/user/cander21/strandAsym/release/test/sample_specific_rfd_windows/93244_N3.input.anno.nongenic.bed
    output: /hps/nobackup2/flicek/user/cander21/strandAsym/release/test/nongenic/93244_N3.rfd.COM.tnt_count, /hps/nobackup2/flicek/user/cander21/strandAsym/release/test/genic/93244_N3.rfd.COM.tnt_count
    jobid: 4
    reason: Missing output files: /hps/nobackup2/flicek/user/cander21/strandAsym/release/test/nongenic/93244_N3.rfd.COM.tnt_count, /hps/nobackup2/flicek/user/cander21/strandAsym/release/test/genic/93244_N3.rfd.COM.tnt_count; Input files updated by another job: /hps/nobackup2/flicek/user/cander21/strandAsym/release/test/sample_specific_rfd_windows/93244_N3.input.anno.nongenic.bed, /hps/nobackup2/flicek/user/cander21/strandAsym/release/test/sample_specific_rfd_windows/93244_N3.input.anno.genic.bed
    wildcards: pth=/hps/nobackup2/flicek/user/cander21/strandAsym/release, dir=test, nod=93244_N3

 while read line ; do bits=($line) ; /hps/nobackup2/flicek/user/cander21/strandAsym/release/bin/pt2_tnt_counter.sh ${bits[0]} ${bits[1]} ${bits[2]} 1 genic 93244_N3 /hps/nobackup2/flicek/user/cander21/strandAsym/release/bin /hps/nobackup2/flicek/user/lceCORE/genomes/c3h.arcMask.fa ; done < /hps/nobackup2/flicek/user/cander21/strandAsym/release/test_rfd.txt ; while read line ; do bits=($line) ; /hps/nobackup2/flicek/user/cander21/strandAsym/release/bin/pt2_tnt_counter.sh ${bits[0]} ${bits[1]} ${bits[2]} 1 nongenic 93244_N3 /hps/nobackup2/flicek/user/cander21/strandAsym/release/bin /hps/nobackup2/flicek/user/lceCORE/genomes/c3h.arcMask.fa ; done < /hps/nobackup2/flicek/user/cander21/strandAsym/release/test_rfd.txt 
Submitted job 4 with external jobid 'Job <6369530> is submitted to default queue <standard>.'.
[Mon May  2 17:55:25 2022]
Finished job 4.
4 of 9 steps (44%) done

[Mon May  2 17:55:25 2022]
rule pt3_mut_count_obs:
    input: /hps/nobackup2/flicek/user/cander21/strandAsym/release/test/genic/93244_N3.rfd.COM.tnt_count, /hps/nobackup2/flicek/user/cander21/strandAsym/release/test/nongenic/93244_N3.rfd.COM.tnt_count
    output: /hps/nobackup2/flicek/user/cander21/strandAsym/release/test/genic/bs0/bs0.93244_N3.mu, /hps/nobackup2/flicek/user/cander21/strandAsym/release/test/nongenic/bs0/bs0.93244_N3.mu
    jobid: 5
    reason: Missing output files: /hps/nobackup2/flicek/user/cander21/strandAsym/release/test/nongenic/bs0/bs0.93244_N3.mu, /hps/nobackup2/flicek/user/cander21/strandAsym/release/test/genic/bs0/bs0.93244_N3.mu; Input files updated by another job: /hps/nobackup2/flicek/user/cander21/strandAsym/release/test/nongenic/93244_N3.rfd.COM.tnt_count, /hps/nobackup2/flicek/user/cander21/strandAsym/release/test/genic/93244_N3.rfd.COM.tnt_count
    wildcards: pth=/hps/nobackup2/flicek/user/cander21/strandAsym/release, dir=test, nod=93244_N3

while read line ; do bits=($line) ; /hps/nobackup2/flicek/user/cander21/strandAsym/release/bin/pt3_mut_count.sh ${bits[0]} ${bits[1]} ${bits[2]} 0 1 0 genic 93244_N3 /hps/nobackup2/flicek/user/cander21/strandAsym/release/bin /hps/nobackup2/flicek/user/cander21/strandAsym/release test /hps/nobackup2/flicek/user/lceCORE/genomes/c3h.arcMask.fa ; done < /hps/nobackup2/flicek/user/cander21/strandAsym/release/test_rfd.txt ; while read line ; do bits=($line) ; /hps/nobackup2/flicek/user/cander21/strandAsym/release/bin/pt3_mut_count.sh ${bits[0]} ${bits[1]} ${bits[2]} 0 1 0 nongenic 93244_N3 /hps/nobackup2/flicek/user/cander21/strandAsym/release/bin /hps/nobackup2/flicek/user/cander21/strandAsym/release test /hps/nobackup2/flicek/user/lceCORE/genomes/c3h.arcMask.fa ; done < /hps/nobackup2/flicek/user/cander21/strandAsym/release/test_rfd.txt 
Submitted job 5 with external jobid 'Job <6369567> is submitted to default queue <standard>.'.
[Mon May  2 17:56:15 2022]
Finished job 5.
5 of 9 steps (56%) done

[Mon May  2 17:56:15 2022]
rule pt3_mut_count_BS:
    input: /hps/nobackup2/flicek/user/cander21/strandAsym/release/test/genic/bs0/bs0.93244_N3.mu, /hps/nobackup2/flicek/user/cander21/strandAsym/release/test/nongenic/bs0/bs0.93244_N3.mu
    output: /hps/nobackup2/flicek/user/cander21/strandAsym/release/test/genic/bs2/bs2.93244_N3.mu, /hps/nobackup2/flicek/user/cander21/strandAsym/release/test/nongenic/bs2/bs2.93244_N3.mu
    jobid: 7
    reason: Missing output files: /hps/nobackup2/flicek/user/cander21/strandAsym/release/test/genic/bs2/bs2.93244_N3.mu, /hps/nobackup2/flicek/user/cander21/strandAsym/release/test/nongenic/bs2/bs2.93244_N3.mu; Input files updated by another job: /hps/nobackup2/flicek/user/cander21/strandAsym/release/test/nongenic/bs0/bs0.93244_N3.mu, /hps/nobackup2/flicek/user/cander21/strandAsym/release/test/genic/bs0/bs0.93244_N3.mu
    wildcards: pth=/hps/nobackup2/flicek/user/cander21/strandAsym/release, dir=test, bs=2, nod=93244_N3

 for x in {1..3} ; do while read line ; do bits=($line) ; /hps/nobackup2/flicek/user/cander21/strandAsym/release/bin/pt3_mut_count.sh ${bits[0]} ${bits[1]} ${bits[2]} 1 1 $x genic 93244_N3 /hps/nobackup2/flicek/user/cander21/strandAsym/release/bin /hps/nobackup2/flicek/user/cander21/strandAsym/release test /hps/nobackup2/flicek/user/lceCORE/genomes/c3h.arcMask.fa ; done < /hps/nobackup2/flicek/user/cander21/strandAsym/release/test_rfd.txt ; done ; for x in {1..3} ; do while read line ; do bits=($line) ; /hps/nobackup2/flicek/user/cander21/strandAsym/release/bin/pt3_mut_count.sh ${bits[0]} ${bits[1]} ${bits[2]} 1 1 $x nongenic 93244_N3 /hps/nobackup2/flicek/user/cander21/strandAsym/release/bin /hps/nobackup2/flicek/user/cander21/strandAsym/release test /hps/nobackup2/flicek/user/lceCORE/genomes/c3h.arcMask.fa ; done < /hps/nobackup2/flicek/user/cander21/strandAsym/release/test_rfd.txt ; done 
Submitted job 7 with external jobid 'Job <6369583> is submitted to default queue <standard>.'.

[Mon May  2 17:56:16 2022]
rule pt3_mut_count_BS:
    input: /hps/nobackup2/flicek/user/cander21/strandAsym/release/test/genic/bs0/bs0.93244_N3.mu, /hps/nobackup2/flicek/user/cander21/strandAsym/release/test/nongenic/bs0/bs0.93244_N3.mu
    output: /hps/nobackup2/flicek/user/cander21/strandAsym/release/test/genic/bs3/bs3.93244_N3.mu, /hps/nobackup2/flicek/user/cander21/strandAsym/release/test/nongenic/bs3/bs3.93244_N3.mu
    jobid: 8
    reason: Missing output files: /hps/nobackup2/flicek/user/cander21/strandAsym/release/test/nongenic/bs3/bs3.93244_N3.mu, /hps/nobackup2/flicek/user/cander21/strandAsym/release/test/genic/bs3/bs3.93244_N3.mu; Input files updated by another job: /hps/nobackup2/flicek/user/cander21/strandAsym/release/test/nongenic/bs0/bs0.93244_N3.mu, /hps/nobackup2/flicek/user/cander21/strandAsym/release/test/genic/bs0/bs0.93244_N3.mu
    wildcards: pth=/hps/nobackup2/flicek/user/cander21/strandAsym/release, dir=test, bs=3, nod=93244_N3

 for x in {1..3} ; do while read line ; do bits=($line) ; /hps/nobackup2/flicek/user/cander21/strandAsym/release/bin/pt3_mut_count.sh ${bits[0]} ${bits[1]} ${bits[2]} 1 1 $x genic 93244_N3 /hps/nobackup2/flicek/user/cander21/strandAsym/release/bin /hps/nobackup2/flicek/user/cander21/strandAsym/release test /hps/nobackup2/flicek/user/lceCORE/genomes/c3h.arcMask.fa ; done < /hps/nobackup2/flicek/user/cander21/strandAsym/release/test_rfd.txt ; done ; for x in {1..3} ; do while read line ; do bits=($line) ; /hps/nobackup2/flicek/user/cander21/strandAsym/release/bin/pt3_mut_count.sh ${bits[0]} ${bits[1]} ${bits[2]} 1 1 $x nongenic 93244_N3 /hps/nobackup2/flicek/user/cander21/strandAsym/release/bin /hps/nobackup2/flicek/user/cander21/strandAsym/release test /hps/nobackup2/flicek/user/lceCORE/genomes/c3h.arcMask.fa ; done < /hps/nobackup2/flicek/user/cander21/strandAsym/release/test_rfd.txt ; done 
Submitted job 8 with external jobid 'Job <6369584> is submitted to default queue <standard>.'.

[Mon May  2 17:56:16 2022]
rule pt3_mut_count_BS:
    input: /hps/nobackup2/flicek/user/cander21/strandAsym/release/test/genic/bs0/bs0.93244_N3.mu, /hps/nobackup2/flicek/user/cander21/strandAsym/release/test/nongenic/bs0/bs0.93244_N3.mu
    output: /hps/nobackup2/flicek/user/cander21/strandAsym/release/test/genic/bs1/bs1.93244_N3.mu, /hps/nobackup2/flicek/user/cander21/strandAsym/release/test/nongenic/bs1/bs1.93244_N3.mu
    jobid: 6
    reason: Missing output files: /hps/nobackup2/flicek/user/cander21/strandAsym/release/test/genic/bs1/bs1.93244_N3.mu, /hps/nobackup2/flicek/user/cander21/strandAsym/release/test/nongenic/bs1/bs1.93244_N3.mu; Input files updated by another job: /hps/nobackup2/flicek/user/cander21/strandAsym/release/test/nongenic/bs0/bs0.93244_N3.mu, /hps/nobackup2/flicek/user/cander21/strandAsym/release/test/genic/bs0/bs0.93244_N3.mu
    wildcards: pth=/hps/nobackup2/flicek/user/cander21/strandAsym/release, dir=test, bs=1, nod=93244_N3

 for x in {1..3} ; do while read line ; do bits=($line) ; /hps/nobackup2/flicek/user/cander21/strandAsym/release/bin/pt3_mut_count.sh ${bits[0]} ${bits[1]} ${bits[2]} 1 1 $x genic 93244_N3 /hps/nobackup2/flicek/user/cander21/strandAsym/release/bin /hps/nobackup2/flicek/user/cander21/strandAsym/release test /hps/nobackup2/flicek/user/lceCORE/genomes/c3h.arcMask.fa ; done < /hps/nobackup2/flicek/user/cander21/strandAsym/release/test_rfd.txt ; done ; for x in {1..3} ; do while read line ; do bits=($line) ; /hps/nobackup2/flicek/user/cander21/strandAsym/release/bin/pt3_mut_count.sh ${bits[0]} ${bits[1]} ${bits[2]} 1 1 $x nongenic 93244_N3 /hps/nobackup2/flicek/user/cander21/strandAsym/release/bin /hps/nobackup2/flicek/user/cander21/strandAsym/release test /hps/nobackup2/flicek/user/lceCORE/genomes/c3h.arcMask.fa ; done < /hps/nobackup2/flicek/user/cander21/strandAsym/release/test_rfd.txt ; done 
Submitted job 6 with external jobid 'Job <6369586> is submitted to default queue <standard>.'.
[Mon May  2 18:02:26 2022]
Error in rule pt3_mut_count_BS:
    jobid: 8
    output: /hps/nobackup2/flicek/user/cander21/strandAsym/release/test/genic/bs3/bs3.93244_N3.mu, /hps/nobackup2/flicek/user/cander21/strandAsym/release/test/nongenic/bs3/bs3.93244_N3.mu
    shell:
         for x in {1..3} ; do while read line ; do bits=($line) ; /hps/nobackup2/flicek/user/cander21/strandAsym/release/bin/pt3_mut_count.sh ${bits[0]} ${bits[1]} ${bits[2]} 1 1 $x genic 93244_N3 /hps/nobackup2/flicek/user/cander21/strandAsym/release/bin /hps/nobackup2/flicek/user/cander21/strandAsym/release test /hps/nobackup2/flicek/user/lceCORE/genomes/c3h.arcMask.fa ; done < /hps/nobackup2/flicek/user/cander21/strandAsym/release/test_rfd.txt ; done ; for x in {1..3} ; do while read line ; do bits=($line) ; /hps/nobackup2/flicek/user/cander21/strandAsym/release/bin/pt3_mut_count.sh ${bits[0]} ${bits[1]} ${bits[2]} 1 1 $x nongenic 93244_N3 /hps/nobackup2/flicek/user/cander21/strandAsym/release/bin /hps/nobackup2/flicek/user/cander21/strandAsym/release test /hps/nobackup2/flicek/user/lceCORE/genomes/c3h.arcMask.fa ; done < /hps/nobackup2/flicek/user/cander21/strandAsym/release/test_rfd.txt ; done 
        (one of the commands exited with non-zero exit code; note that snakemake uses bash strict mode!)
    cluster_jobid: Job <6369584> is submitted to default queue <standard>.

Error executing rule pt3_mut_count_BS on cluster (jobid: 8, external: Job <6369584> is submitted to default queue <standard>., jobscript: /hps/nobackup2/flicek/user/cander21/strandAsym/release/test/.snakemake/tmp.bwj0iz4h/snakejob.pt3_mut_count_BS.8.sh). For error details see the cluster log and the log files of the involved rule(s).
[Mon May  2 18:02:26 2022]
Finished job 6.
6 of 9 steps (67%) done
Will exit after finishing currently running jobs.
